2021-Oct-16 10:15:03:                                    _                 
2021-Oct-16 10:15:03:  _ __   __ _ _ __   ___  _ __ ___ (_)_ __   ___ _ __ 
2021-Oct-16 10:15:03: | '_ \ / _` | '_ \ / _ \| '_ ` _ \| | '_ \ / _ \ '__|
2021-Oct-16 10:15:03: | | | | (_| | | | | (_) | | | | | | | | | |  __/ |   
2021-Oct-16 10:15:03: |_| |_|\__,_|_| |_|\___/|_| |_| |_|_|_| |_|\___|_|   
2021-Oct-16 10:15:03: 
2021-Oct-16 10:15:03: Version 3.3.13
2021-Oct-16 10:15:03: Started EthMan server on port 3333 without a password (read-only mode).
2021-Oct-16 10:15:03: Started web interface on port 9090 without a password.
2021-Oct-16 10:15:03: CUDA driver version is 11.0, runtime version is 10.0
2021-Oct-16 10:15:03: Single device detected
2021-Oct-16 10:15:03: GPU 0 PCI 65:00.0, Platform: CUDA, Name: GeForce GTX 1070, 8116 MB available
2021-Oct-16 10:15:03: -------------------Ethash:------------------
2021-Oct-16 10:15:03: Currency: Ethereum
2021-Oct-16 10:15:03: Wallet: 0xe4aa3bfec6d4e205df1e8b19263b587424484fad
2021-Oct-16 10:15:03: Rig name: Rig001
2021-Oct-16 10:15:03: Email: kevin19930919@gmail.com
2021-Oct-16 10:15:03: Hashrate threshold to restart miner is not set
2021-Oct-16 10:15:03: Number of rejected shares per hour to restart miner is not set
2021-Oct-16 10:15:03: Added pool: eth-jp1.nanopool.org:9433
2021-Oct-16 10:15:03: Added pool: eth-asia1.nanopool.org:9433
2021-Oct-16 10:15:03: Added pool: eth-us-west1.nanopool.org:9433
2021-Oct-16 10:15:03: Added pool: eth-us-east1.nanopool.org:9433
2021-Oct-16 10:15:03: Added pool: eth-au1.nanopool.org:9433
2021-Oct-16 10:15:03: Added pool: eth-eu2.nanopool.org:9433
2021-Oct-16 10:15:03: Added pool: eth-eu1.nanopool.org:9433
2021-Oct-16 10:15:03: Auto pool sorting is enabled
2021-Oct-16 10:15:03: Using all GPU devices
2021-Oct-16 10:15:03: Memory tweak: 1
2021-Oct-16 10:15:03: -------------Common parameters:-------------
2021-Oct-16 10:15:03: Log path: ./logs/
2021-Oct-16 10:15:03: Log is written to file
2021-Oct-16 10:15:03: GPU watchdog is enabled
2021-Oct-16 10:15:03: Never calling reboot.sh (always restarting the miner in case of errors). 
2021-Oct-16 10:15:04: Setting up algorithm: Ethash
2021-Oct-16 10:15:05: Connecting to pools...
2021-Oct-16 10:15:11: Connected to pool: eth-jp1.nanopool.org:9433 | IP: 139.162.81.90 | ping: 35 ms.
2021-Oct-16 10:15:11: Ethereum: trying to use "stratum" mining protocol... to disable this behaviour, specify: protocol=JSON-RPC
2021-Oct-16 10:15:17: Ethereum: trying to use "stratum" mining protocol... to disable this behaviour, specify: protocol=JSON-RPC
2021-Oct-16 10:15:23: Ethereum: trying to use "stratum" mining protocol... to disable this behaviour, specify: protocol=JSON-RPC
2021-Oct-16 10:15:29: Ethereum: trying to use "stratum" mining protocol... to disable this behaviour, specify: protocol=JSON-RPC
2021-Oct-16 10:15:35: Ethereum: trying to use "stratum" mining protocol... to disable this behaviour, specify: protocol=JSON-RPC
2021-Oct-16 10:15:41: Ethereum: trying to use "stratum" mining protocol... to disable this behaviour, specify: protocol=JSON-RPC
2021-Oct-16 10:15:48: Ethereum: trying to use "stratum" mining protocol... to disable this behaviour, specify: protocol=JSON-RPC
2021-Oct-16 10:15:54: Ethereum: trying to use "stratum" mining protocol... to disable this behaviour, specify: protocol=JSON-RPC
2021-Oct-16 10:16:00: Ethereum: trying to use "stratum" mining protocol... to disable this behaviour, specify: protocol=JSON-RPC
2021-Oct-16 10:16:06: Ethereum: trying to use "stratum" mining protocol... to disable this behaviour, specify: protocol=JSON-RPC
2021-Oct-16 10:16:12: Ethereum: trying to use "stratum" mining protocol... to disable this behaviour, specify: protocol=JSON-RPC
2021-Oct-16 10:16:18: Ethereum: trying to use "stratum" mining protocol... to disable this behaviour, specify: protocol=JSON-RPC
2021-Oct-16 10:16:24: Ethereum: trying to use "stratum" mining protocol... to disable this behaviour, specify: protocol=JSON-RPC
2021-Oct-16 10:16:30: Ethereum: trying to use "stratum" mining protocol... to disable this behaviour, specify: protocol=JSON-RPC
2021-Oct-16 10:16:36: Ethereum: trying to use "stratum" mining protocol... to disable this behaviour, specify: protocol=JSON-RPC
2021-Oct-16 10:16:43: Ethereum: trying to use "stratum" mining protocol... to disable this behaviour, specify: protocol=JSON-RPC
2021-Oct-16 10:16:49: Ethereum: trying to use "stratum" mining protocol... to disable this behaviour, specify: protocol=JSON-RPC
2021-Oct-16 10:16:55: Ethereum: trying to use "stratum" mining protocol... to disable this behaviour, specify: protocol=JSON-RPC
2021-Oct-16 10:17:01: Ethereum: trying to use "stratum" mining protocol... to disable this behaviour, specify: protocol=JSON-RPC
2021-Oct-16 10:17:07: Ethereum: trying to use "stratum" mining protocol... to disable this behaviour, specify: protocol=JSON-RPC
2021-Oct-16 10:17:13: Ethereum: trying to use "stratum" mining protocol... to disable this behaviour, specify: protocol=JSON-RPC
2021-Oct-16 10:17:19: Ethereum: trying to use "stratum" mining protocol... to disable this behaviour, specify: protocol=JSON-RPC
2021-Oct-16 10:17:25: Ethereum: trying to use "stratum" mining protocol... to disable this behaviour, specify: protocol=JSON-RPC
2021-Oct-16 10:17:32: Ethereum: trying to use "stratum" mining protocol... to disable this behaviour, specify: protocol=JSON-RPC
2021-Oct-16 10:17:38: Ethereum: trying to use "stratum" mining protocol... to disable this behaviour, specify: protocol=JSON-RPC
2021-Oct-16 10:17:44: Ethereum: trying to use "stratum" mining protocol... to disable this behaviour, specify: protocol=JSON-RPC
2021-Oct-16 10:17:50: Ethereum: trying to use "stratum" mining protocol... to disable this behaviour, specify: protocol=JSON-RPC
2021-Oct-16 10:17:56: Ethereum: trying to use "stratum" mining protocol... to disable this behaviour, specify: protocol=JSON-RPC
2021-Oct-16 10:18:02: Ethereum: trying to use "stratum" mining protocol... to disable this behaviour, specify: protocol=JSON-RPC
2021-Oct-16 10:18:08: Ethereum: trying to use "stratum" mining protocol... to disable this behaviour, specify: protocol=JSON-RPC
2021-Oct-16 10:18:14: Ethereum: trying to use "stratum" mining protocol... to disable this behaviour, specify: protocol=JSON-RPC
2021-Oct-16 10:18:20: Ethereum: trying to use "stratum" mining protocol... to disable this behaviour, specify: protocol=JSON-RPC
2021-Oct-16 10:18:27: Ethereum: trying to use "stratum" mining protocol... to disable this behaviour, specify: protocol=JSON-RPC
2021-Oct-16 10:18:33: Ethereum: trying to use "stratum" mining protocol... to disable this behaviour, specify: protocol=JSON-RPC
2021-Oct-16 10:18:39: Ethereum: trying to use "stratum" mining protocol... to disable this behaviour, specify: protocol=JSON-RPC
2021-Oct-16 10:18:45: Ethereum: trying to use "stratum" mining protocol... to disable this behaviour, specify: protocol=JSON-RPC
2021-Oct-16 10:18:51: Ethereum: trying to use "stratum" mining protocol... to disable this behaviour, specify: protocol=JSON-RPC
2021-Oct-16 10:18:57: Ethereum: trying to use "stratum" mining protocol... to disable this behaviour, specify: protocol=JSON-RPC
2021-Oct-16 10:19:03: Ethereum: trying to use "stratum" mining protocol... to disable this behaviour, specify: protocol=JSON-RPC
2021-Oct-16 10:19:05: There were no new jobs in the past four minutes. Stopping mining.
2021-Oct-16 10:19:09: Ethereum: trying to use "stratum" mining protocol... to disable this behaviour, specify: protocol=JSON-RPC
2021-Oct-16 10:19:15: Ethereum: trying to use "stratum" mining protocol... to disable this behaviour, specify: protocol=JSON-RPC
2021-Oct-16 10:19:22: Ethereum: trying to use "stratum" mining protocol... to disable this behaviour, specify: protocol=JSON-RPC
2021-Oct-16 10:19:28: Ethereum: trying to use "stratum" mining protocol... to disable this behaviour, specify: protocol=JSON-RPC
2021-Oct-16 10:19:34: Ethereum: trying to use "stratum" mining protocol... to disable this behaviour, specify: protocol=JSON-RPC
2021-Oct-16 10:19:40: Ethereum: trying to use "stratum" mining protocol... to disable this behaviour, specify: protocol=JSON-RPC
2021-Oct-16 10:19:46: Ethereum: trying to use "stratum" mining protocol... to disable this behaviour, specify: protocol=JSON-RPC
2021-Oct-16 10:19:52: Ethereum: trying to use "stratum" mining protocol... to disable this behaviour, specify: protocol=JSON-RPC
2021-Oct-16 10:19:58: Ethereum: trying to use "stratum" mining protocol... to disable this behaviour, specify: protocol=JSON-RPC
2021-Oct-16 10:20:04: Ethereum: trying to use "stratum" mining protocol... to disable this behaviour, specify: protocol=JSON-RPC
2021-Oct-16 10:20:10: Ethereum: trying to use "stratum" mining protocol... to disable this behaviour, specify: protocol=JSON-RPC
2021-Oct-16 10:20:17: Ethereum: trying to use "stratum" mining protocol... to disable this behaviour, specify: protocol=JSON-RPC
2021-Oct-16 10:20:23: Ethereum: trying to use "stratum" mining protocol... to disable this behaviour, specify: protocol=JSON-RPC
2021-Oct-16 10:20:29: Ethereum: trying to use "stratum" mining protocol... to disable this behaviour, specify: protocol=JSON-RPC
2021-Oct-16 10:20:35: Ethereum: trying to use "stratum" mining protocol... to disable this behaviour, specify: protocol=JSON-RPC
2021-Oct-16 10:20:41: Ethereum: trying to use "stratum" mining protocol... to disable this behaviour, specify: protocol=JSON-RPC
2021-Oct-16 10:20:48: Ethereum: trying to use "stratum" mining protocol... to disable this behaviour, specify: protocol=JSON-RPC
2021-Oct-16 10:20:54: Ethereum: trying to use "stratum" mining protocol... to disable this behaviour, specify: protocol=JSON-RPC
2021-Oct-16 10:21:00: Ethereum: trying to use "stratum" mining protocol... to disable this behaviour, specify: protocol=JSON-RPC
2021-Oct-16 10:21:06: Ethereum: trying to use "stratum" mining protocol... to disable this behaviour, specify: protocol=JSON-RPC
2021-Oct-16 10:21:12: Ethereum: trying to use "stratum" mining protocol... to disable this behaviour, specify: protocol=JSON-RPC
2021-Oct-16 10:21:18: Ethereum: trying to use "stratum" mining protocol... to disable this behaviour, specify: protocol=JSON-RPC
2021-Oct-16 10:21:24: Ethereum: trying to use "stratum" mining protocol... to disable this behaviour, specify: protocol=JSON-RPC
2021-Oct-16 10:21:30: Ethereum: trying to use "stratum" mining protocol... to disable this behaviour, specify: protocol=JSON-RPC
2021-Oct-16 10:21:36: Ethereum: trying to use "stratum" mining protocol... to disable this behaviour, specify: protocol=JSON-RPC
2021-Oct-16 10:21:43: Ethereum: trying to use "stratum" mining protocol... to disable this behaviour, specify: protocol=JSON-RPC
2021-Oct-16 10:21:49: Ethereum: trying to use "stratum" mining protocol... to disable this behaviour, specify: protocol=JSON-RPC
2021-Oct-16 10:21:55: Ethereum: trying to use "stratum" mining protocol... to disable this behaviour, specify: protocol=JSON-RPC
2021-Oct-16 10:22:01: Ethereum: trying to use "stratum" mining protocol... to disable this behaviour, specify: protocol=JSON-RPC
2021-Oct-16 10:22:08: Ethereum: trying to use "stratum" mining protocol... to disable this behaviour, specify: protocol=JSON-RPC
2021-Oct-16 10:22:14: Ethereum: trying to use "stratum" mining protocol... to disable this behaviour, specify: protocol=JSON-RPC
2021-Oct-16 10:22:20: Ethereum: trying to use "stratum" mining protocol... to disable this behaviour, specify: protocol=JSON-RPC
2021-Oct-16 10:22:26: Ethereum: trying to use "stratum" mining protocol... to disable this behaviour, specify: protocol=JSON-RPC
2021-Oct-16 10:22:32: Ethereum: trying to use "stratum" mining protocol... to disable this behaviour, specify: protocol=JSON-RPC
2021-Oct-16 10:22:38: Ethereum: trying to use "stratum" mining protocol... to disable this behaviour, specify: protocol=JSON-RPC
2021-Oct-16 10:22:44: Ethereum: trying to use "stratum" mining protocol... to disable this behaviour, specify: protocol=JSON-RPC
2021-Oct-16 10:22:51: Ethereum: trying to use "stratum" mining protocol... to disable this behaviour, specify: protocol=JSON-RPC
2021-Oct-16 10:22:57: Ethereum: trying to use "stratum" mining protocol... to disable this behaviour, specify: protocol=JSON-RPC
2021-Oct-16 10:23:03: Ethereum: trying to use "stratum" mining protocol... to disable this behaviour, specify: protocol=JSON-RPC
2021-Oct-16 10:23:09: Ethereum: trying to use "stratum" mining protocol... to disable this behaviour, specify: protocol=JSON-RPC
2021-Oct-16 10:23:15: Ethereum: trying to use "stratum" mining protocol... to disable this behaviour, specify: protocol=JSON-RPC
2021-Oct-16 10:23:21: Ethereum: trying to use "stratum" mining protocol... to disable this behaviour, specify: protocol=JSON-RPC
2021-Oct-16 10:23:27: Ethereum: trying to use "stratum" mining protocol... to disable this behaviour, specify: protocol=JSON-RPC
2021-Oct-16 10:23:33: Ethereum: trying to use "stratum" mining protocol... to disable this behaviour, specify: protocol=JSON-RPC
2021-Oct-16 10:23:40: Ethereum: trying to use "stratum" mining protocol... to disable this behaviour, specify: protocol=JSON-RPC
2021-Oct-16 10:23:46: Ethereum: trying to use "stratum" mining protocol... to disable this behaviour, specify: protocol=JSON-RPC
2021-Oct-16 10:23:52: Ethereum: trying to use "stratum" mining protocol... to disable this behaviour, specify: protocol=JSON-RPC
2021-Oct-16 10:23:58: Ethereum: trying to use "stratum" mining protocol... to disable this behaviour, specify: protocol=JSON-RPC
2021-Oct-16 10:24:04: Ethereum: trying to use "stratum" mining protocol... to disable this behaviour, specify: protocol=JSON-RPC
2021-Oct-16 10:24:10: Ethereum: trying to use "stratum" mining protocol... to disable this behaviour, specify: protocol=JSON-RPC
2021-Oct-16 10:24:16: Ethereum: trying to use "stratum" mining protocol... to disable this behaviour, specify: protocol=JSON-RPC
2021-Oct-16 10:24:22: Ethereum: trying to use "stratum" mining protocol... to disable this behaviour, specify: protocol=JSON-RPC
2021-Oct-16 10:24:28: Ethereum: trying to use "stratum" mining protocol... to disable this behaviour, specify: protocol=JSON-RPC
2021-Oct-16 10:24:35: Ethereum: trying to use "stratum" mining protocol... to disable this behaviour, specify: protocol=JSON-RPC
2021-Oct-16 10:24:41: Ethereum: trying to use "stratum" mining protocol... to disable this behaviour, specify: protocol=JSON-RPC
2021-Oct-16 10:24:47: Ethereum: trying to use "stratum" mining protocol... to disable this behaviour, specify: protocol=JSON-RPC
2021-Oct-16 10:24:53: Ethereum: trying to use "stratum" mining protocol... to disable this behaviour, specify: protocol=JSON-RPC
2021-Oct-16 10:24:59: Ethereum: trying to use "stratum" mining protocol... to disable this behaviour, specify: protocol=JSON-RPC
2021-Oct-16 10:25:06: Ethereum: trying to use "stratum" mining protocol... to disable this behaviour, specify: protocol=JSON-RPC
2021-Oct-16 10:25:12: Ethereum: trying to use "stratum" mining protocol... to disable this behaviour, specify: protocol=JSON-RPC
2021-Oct-16 10:25:18: Ethereum: trying to use "stratum" mining protocol... to disable this behaviour, specify: protocol=JSON-RPC
2021-Oct-16 10:25:24: Ethereum: trying to use "stratum" mining protocol... to disable this behaviour, specify: protocol=JSON-RPC
2021-Oct-16 10:25:30: Ethereum: trying to use "stratum" mining protocol... to disable this behaviour, specify: protocol=JSON-RPC
2021-Oct-16 10:25:37: Ethereum: trying to use "stratum" mining protocol... to disable this behaviour, specify: protocol=JSON-RPC
2021-Oct-16 10:25:43: Ethereum: trying to use "stratum" mining protocol... to disable this behaviour, specify: protocol=JSON-RPC
2021-Oct-16 10:25:49: Ethereum: trying to use "stratum" mining protocol... to disable this behaviour, specify: protocol=JSON-RPC
2021-Oct-16 10:25:55: Ethereum: trying to use "stratum" mining protocol... to disable this behaviour, specify: protocol=JSON-RPC
2021-Oct-16 10:26:01: Ethereum: trying to use "stratum" mining protocol... to disable this behaviour, specify: protocol=JSON-RPC
2021-Oct-16 10:26:07: Ethereum: trying to use "stratum" mining protocol... to disable this behaviour, specify: protocol=JSON-RPC
2021-Oct-16 10:26:13: Ethereum: trying to use "stratum" mining protocol... to disable this behaviour, specify: protocol=JSON-RPC
2021-Oct-16 10:26:19: Ethereum: trying to use "stratum" mining protocol... to disable this behaviour, specify: protocol=JSON-RPC
2021-Oct-16 10:26:26: Ethereum: trying to use "stratum" mining protocol... to disable this behaviour, specify: protocol=JSON-RPC
2021-Oct-16 10:26:32: Ethereum: trying to use "stratum" mining protocol... to disable this behaviour, specify: protocol=JSON-RPC
2021-Oct-16 10:26:38: Ethereum: trying to use "stratum" mining protocol... to disable this behaviour, specify: protocol=JSON-RPC
2021-Oct-16 10:26:44: Ethereum: trying to use "stratum" mining protocol... to disable this behaviour, specify: protocol=JSON-RPC
2021-Oct-16 10:26:50: Ethereum: trying to use "stratum" mining protocol... to disable this behaviour, specify: protocol=JSON-RPC
2021-Oct-16 10:26:56: Ethereum: trying to use "stratum" mining protocol... to disable this behaviour, specify: protocol=JSON-RPC
2021-Oct-16 10:27:02: Ethereum: trying to use "stratum" mining protocol... to disable this behaviour, specify: protocol=JSON-RPC
2021-Oct-16 10:27:08: Ethereum: trying to use "stratum" mining protocol... to disable this behaviour, specify: protocol=JSON-RPC
2021-Oct-16 10:27:14: Ethereum: trying to use "stratum" mining protocol... to disable this behaviour, specify: protocol=JSON-RPC
2021-Oct-16 10:27:21: Ethereum: trying to use "stratum" mining protocol... to disable this behaviour, specify: protocol=JSON-RPC
2021-Oct-16 10:27:27: Ethereum: trying to use "stratum" mining protocol... to disable this behaviour, specify: protocol=JSON-RPC
2021-Oct-16 10:27:33: Ethereum: trying to use "stratum" mining protocol... to disable this behaviour, specify: protocol=JSON-RPC
2021-Oct-16 10:27:39: Ethereum: trying to use "stratum" mining protocol... to disable this behaviour, specify: protocol=JSON-RPC
2021-Oct-16 10:27:45: Ethereum: trying to use "stratum" mining protocol... to disable this behaviour, specify: protocol=JSON-RPC
2021-Oct-16 10:27:51: Ethereum: trying to use "stratum" mining protocol... to disable this behaviour, specify: protocol=JSON-RPC
2021-Oct-16 10:27:57: Ethereum: trying to use "stratum" mining protocol... to disable this behaviour, specify: protocol=JSON-RPC
2021-Oct-16 10:28:03: Ethereum: trying to use "stratum" mining protocol... to disable this behaviour, specify: protocol=JSON-RPC
2021-Oct-16 10:28:09: Ethereum: trying to use "stratum" mining protocol... to disable this behaviour, specify: protocol=JSON-RPC
2021-Oct-16 10:28:16: Ethereum: trying to use "stratum" mining protocol... to disable this behaviour, specify: protocol=JSON-RPC
2021-Oct-16 10:28:22: Ethereum: trying to use "stratum" mining protocol... to disable this behaviour, specify: protocol=JSON-RPC
2021-Oct-16 10:28:28: Ethereum: trying to use "stratum" mining protocol... to disable this behaviour, specify: protocol=JSON-RPC
2021-Oct-16 10:28:34: Ethereum: trying to use "stratum" mining protocol... to disable this behaviour, specify: protocol=JSON-RPC
2021-Oct-16 10:28:40: Ethereum: trying to use "stratum" mining protocol... to disable this behaviour, specify: protocol=JSON-RPC
2021-Oct-16 10:28:46: Ethereum: trying to use "stratum" mining protocol... to disable this behaviour, specify: protocol=JSON-RPC
2021-Oct-16 10:28:52: Ethereum: trying to use "stratum" mining protocol... to disable this behaviour, specify: protocol=JSON-RPC
2021-Oct-16 10:28:58: Ethereum: trying to use "stratum" mining protocol... to disable this behaviour, specify: protocol=JSON-RPC
2021-Oct-16 10:29:05: Ethereum: trying to use "stratum" mining protocol... to disable this behaviour, specify: protocol=JSON-RPC
2021-Oct-16 10:29:11: Ethereum: trying to use "stratum" mining protocol... to disable this behaviour, specify: protocol=JSON-RPC
2021-Oct-16 10:29:17: Ethereum: trying to use "stratum" mining protocol... to disable this behaviour, specify: protocol=JSON-RPC
2021-Oct-16 10:29:23: Ethereum: trying to use "stratum" mining protocol... to disable this behaviour, specify: protocol=JSON-RPC
2021-Oct-16 10:29:29: Ethereum: trying to use "stratum" mining protocol... to disable this behaviour, specify: protocol=JSON-RPC
2021-Oct-16 10:29:35: Ethereum: trying to use "stratum" mining protocol... to disable this behaviour, specify: protocol=JSON-RPC
2021-Oct-16 10:29:41: Ethereum: trying to use "stratum" mining protocol... to disable this behaviour, specify: protocol=JSON-RPC
2021-Oct-16 10:29:47: Ethereum: trying to use "stratum" mining protocol... to disable this behaviour, specify: protocol=JSON-RPC
2021-Oct-16 10:29:53: Ethereum: trying to use "stratum" mining protocol... to disable this behaviour, specify: protocol=JSON-RPC
2021-Oct-16 10:30:00: Ethereum: trying to use "stratum" mining protocol... to disable this behaviour, specify: protocol=JSON-RPC
2021-Oct-16 10:30:06: Ethereum: trying to use "stratum" mining protocol... to disable this behaviour, specify: protocol=JSON-RPC
2021-Oct-16 10:30:12: Ethereum: trying to use "stratum" mining protocol... to disable this behaviour, specify: protocol=JSON-RPC
2021-Oct-16 10:30:18: Ethereum: trying to use "stratum" mining protocol... to disable this behaviour, specify: protocol=JSON-RPC
2021-Oct-16 10:30:24: Ethereum: trying to use "stratum" mining protocol... to disable this behaviour, specify: protocol=JSON-RPC
2021-Oct-16 10:30:30: Ethereum: trying to use "stratum" mining protocol... to disable this behaviour, specify: protocol=JSON-RPC
2021-Oct-16 10:30:36: Ethereum: trying to use "stratum" mining protocol... to disable this behaviour, specify: protocol=JSON-RPC
2021-Oct-16 10:30:42: Ethereum: trying to use "stratum" mining protocol... to disable this behaviour, specify: protocol=JSON-RPC
2021-Oct-16 10:30:49: Ethereum: trying to use "stratum" mining protocol... to disable this behaviour, specify: protocol=JSON-RPC
2021-Oct-16 10:30:55: Ethereum: trying to use "stratum" mining protocol... to disable this behaviour, specify: protocol=JSON-RPC
2021-Oct-16 10:31:01: Ethereum: trying to use "stratum" mining protocol... to disable this behaviour, specify: protocol=JSON-RPC
2021-Oct-16 10:31:07: Ethereum: trying to use "stratum" mining protocol... to disable this behaviour, specify: protocol=JSON-RPC
2021-Oct-16 10:31:13: Ethereum: trying to use "stratum" mining protocol... to disable this behaviour, specify: protocol=JSON-RPC
2021-Oct-16 10:31:19: Ethereum: trying to use "stratum" mining protocol... to disable this behaviour, specify: protocol=JSON-RPC
2021-Oct-16 10:31:25: Ethereum: trying to use "stratum" mining protocol... to disable this behaviour, specify: protocol=JSON-RPC
2021-Oct-16 10:31:31: Ethereum: trying to use "stratum" mining protocol... to disable this behaviour, specify: protocol=JSON-RPC
2021-Oct-16 10:31:37: Ethereum: trying to use "stratum" mining protocol... to disable this behaviour, specify: protocol=JSON-RPC
2021-Oct-16 10:31:44: Ethereum: trying to use "stratum" mining protocol... to disable this behaviour, specify: protocol=JSON-RPC
2021-Oct-16 10:31:50: Ethereum: trying to use "stratum" mining protocol... to disable this behaviour, specify: protocol=JSON-RPC
2021-Oct-16 10:31:56: Ethereum: trying to use "stratum" mining protocol... to disable this behaviour, specify: protocol=JSON-RPC
2021-Oct-16 10:32:02: Ethereum: trying to use "stratum" mining protocol... to disable this behaviour, specify: protocol=JSON-RPC
2021-Oct-16 10:32:08: Ethereum: trying to use "stratum" mining protocol... to disable this behaviour, specify: protocol=JSON-RPC
2021-Oct-16 10:32:14: Ethereum: trying to use "stratum" mining protocol... to disable this behaviour, specify: protocol=JSON-RPC
2021-Oct-16 10:32:20: Ethereum: trying to use "stratum" mining protocol... to disable this behaviour, specify: protocol=JSON-RPC
2021-Oct-16 10:32:26: Ethereum: trying to use "stratum" mining protocol... to disable this behaviour, specify: protocol=JSON-RPC
2021-Oct-16 10:32:32: Ethereum: trying to use "stratum" mining protocol... to disable this behaviour, specify: protocol=JSON-RPC
2021-Oct-16 10:32:39: Ethereum: trying to use "stratum" mining protocol... to disable this behaviour, specify: protocol=JSON-RPC
2021-Oct-16 10:32:45: Ethereum: trying to use "stratum" mining protocol... to disable this behaviour, specify: protocol=JSON-RPC
2021-Oct-16 10:32:51: Ethereum: trying to use "stratum" mining protocol... to disable this behaviour, specify: protocol=JSON-RPC
2021-Oct-16 10:32:57: Ethereum: trying to use "stratum" mining protocol... to disable this behaviour, specify: protocol=JSON-RPC
2021-Oct-16 10:33:03: Ethereum: trying to use "stratum" mining protocol... to disable this behaviour, specify: protocol=JSON-RPC
2021-Oct-16 10:33:09: Ethereum: trying to use "stratum" mining protocol... to disable this behaviour, specify: protocol=JSON-RPC
2021-Oct-16 10:33:16: Ethereum: trying to use "stratum" mining protocol... to disable this behaviour, specify: protocol=JSON-RPC
2021-Oct-16 10:33:22: Ethereum: trying to use "stratum" mining protocol... to disable this behaviour, specify: protocol=JSON-RPC
2021-Oct-16 10:33:28: Ethereum: trying to use "stratum" mining protocol... to disable this behaviour, specify: protocol=JSON-RPC
2021-Oct-16 10:33:34: Ethereum: trying to use "stratum" mining protocol... to disable this behaviour, specify: protocol=JSON-RPC
2021-Oct-16 10:33:40: Ethereum: trying to use "stratum" mining protocol... to disable this behaviour, specify: protocol=JSON-RPC
2021-Oct-16 10:33:46: Ethereum: trying to use "stratum" mining protocol... to disable this behaviour, specify: protocol=JSON-RPC
2021-Oct-16 10:33:52: Ethereum: trying to use "stratum" mining protocol... to disable this behaviour, specify: protocol=JSON-RPC
2021-Oct-16 10:33:58: Ethereum: trying to use "stratum" mining protocol... to disable this behaviour, specify: protocol=JSON-RPC
2021-Oct-16 10:34:04: Ethereum: trying to use "stratum" mining protocol... to disable this behaviour, specify: protocol=JSON-RPC
2021-Oct-16 10:34:11: Ethereum: trying to use "stratum" mining protocol... to disable this behaviour, specify: protocol=JSON-RPC
2021-Oct-16 10:34:17: Ethereum: trying to use "stratum" mining protocol... to disable this behaviour, specify: protocol=JSON-RPC
2021-Oct-16 10:34:23: Ethereum: trying to use "stratum" mining protocol... to disable this behaviour, specify: protocol=JSON-RPC
2021-Oct-16 10:34:29: Ethereum: trying to use "stratum" mining protocol... to disable this behaviour, specify: protocol=JSON-RPC
2021-Oct-16 10:34:35: Ethereum: trying to use "stratum" mining protocol... to disable this behaviour, specify: protocol=JSON-RPC
2021-Oct-16 10:34:41: Ethereum: trying to use "stratum" mining protocol... to disable this behaviour, specify: protocol=JSON-RPC
2021-Oct-16 10:34:47: Ethereum: trying to use "stratum" mining protocol... to disable this behaviour, specify: protocol=JSON-RPC
2021-Oct-16 10:34:53: Ethereum: trying to use "stratum" mining protocol... to disable this behaviour, specify: protocol=JSON-RPC
2021-Oct-16 10:34:59: Ethereum: trying to use "stratum" mining protocol... to disable this behaviour, specify: protocol=JSON-RPC
2021-Oct-16 10:35:06: Ethereum: trying to use "stratum" mining protocol... to disable this behaviour, specify: protocol=JSON-RPC
2021-Oct-16 10:35:12: Ethereum: trying to use "stratum" mining protocol... to disable this behaviour, specify: protocol=JSON-RPC
2021-Oct-16 10:35:18: Ethereum: trying to use "stratum" mining protocol... to disable this behaviour, specify: protocol=JSON-RPC
2021-Oct-16 10:35:24: Ethereum: trying to use "stratum" mining protocol... to disable this behaviour, specify: protocol=JSON-RPC
2021-Oct-16 10:35:30: Ethereum: trying to use "stratum" mining protocol... to disable this behaviour, specify: protocol=JSON-RPC
2021-Oct-16 10:35:36: Ethereum: trying to use "stratum" mining protocol... to disable this behaviour, specify: protocol=JSON-RPC
2021-Oct-16 10:35:42: Ethereum: trying to use "stratum" mining protocol... to disable this behaviour, specify: protocol=JSON-RPC
2021-Oct-16 10:35:49: Ethereum: trying to use "stratum" mining protocol... to disable this behaviour, specify: protocol=JSON-RPC
2021-Oct-16 10:35:55: Ethereum: trying to use "stratum" mining protocol... to disable this behaviour, specify: protocol=JSON-RPC
2021-Oct-16 10:36:01: Ethereum: trying to use "stratum" mining protocol... to disable this behaviour, specify: protocol=JSON-RPC
2021-Oct-16 10:36:07: Ethereum: trying to use "stratum" mining protocol... to disable this behaviour, specify: protocol=JSON-RPC
2021-Oct-16 10:36:13: Ethereum: trying to use "stratum" mining protocol... to disable this behaviour, specify: protocol=JSON-RPC
2021-Oct-16 10:36:19: Ethereum: trying to use "stratum" mining protocol... to disable this behaviour, specify: protocol=JSON-RPC
2021-Oct-16 10:36:25: Ethereum: trying to use "stratum" mining protocol... to disable this behaviour, specify: protocol=JSON-RPC
2021-Oct-16 10:36:31: Ethereum: trying to use "stratum" mining protocol... to disable this behaviour, specify: protocol=JSON-RPC
2021-Oct-16 10:36:37: Ethereum: trying to use "stratum" mining protocol... to disable this behaviour, specify: protocol=JSON-RPC
2021-Oct-16 10:36:44: Ethereum: trying to use "stratum" mining protocol... to disable this behaviour, specify: protocol=JSON-RPC
2021-Oct-16 10:36:50: Ethereum: trying to use "stratum" mining protocol... to disable this behaviour, specify: protocol=JSON-RPC
2021-Oct-16 10:36:56: Ethereum: trying to use "stratum" mining protocol... to disable this behaviour, specify: protocol=JSON-RPC
2021-Oct-16 10:37:02: Ethereum: trying to use "stratum" mining protocol... to disable this behaviour, specify: protocol=JSON-RPC
2021-Oct-16 10:37:08: Ethereum: trying to use "stratum" mining protocol... to disable this behaviour, specify: protocol=JSON-RPC
2021-Oct-16 10:37:14: Ethereum: trying to use "stratum" mining protocol... to disable this behaviour, specify: protocol=JSON-RPC
2021-Oct-16 10:37:20: Ethereum: trying to use "stratum" mining protocol... to disable this behaviour, specify: protocol=JSON-RPC
2021-Oct-16 10:37:26: Ethereum: trying to use "stratum" mining protocol... to disable this behaviour, specify: protocol=JSON-RPC
2021-Oct-16 10:37:33: Ethereum: trying to use "stratum" mining protocol... to disable this behaviour, specify: protocol=JSON-RPC
2021-Oct-16 10:37:39: Ethereum: trying to use "stratum" mining protocol... to disable this behaviour, specify: protocol=JSON-RPC
2021-Oct-16 10:37:45: Ethereum: trying to use "stratum" mining protocol... to disable this behaviour, specify: protocol=JSON-RPC
2021-Oct-16 10:37:51: Ethereum: trying to use "stratum" mining protocol... to disable this behaviour, specify: protocol=JSON-RPC
2021-Oct-16 10:37:57: Ethereum: trying to use "stratum" mining protocol... to disable this behaviour, specify: protocol=JSON-RPC
2021-Oct-16 10:38:03: Ethereum: trying to use "stratum" mining protocol... to disable this behaviour, specify: protocol=JSON-RPC
2021-Oct-16 10:38:09: Ethereum: trying to use "stratum" mining protocol... to disable this behaviour, specify: protocol=JSON-RPC
2021-Oct-16 10:38:16: Ethereum: trying to use "stratum" mining protocol... to disable this behaviour, specify: protocol=JSON-RPC
2021-Oct-16 10:38:22: Ethereum: trying to use "stratum" mining protocol... to disable this behaviour, specify: protocol=JSON-RPC
2021-Oct-16 10:38:28: Ethereum: trying to use "stratum" mining protocol... to disable this behaviour, specify: protocol=JSON-RPC
2021-Oct-16 10:38:34: Ethereum: trying to use "stratum" mining protocol... to disable this behaviour, specify: protocol=JSON-RPC
2021-Oct-16 10:38:40: Ethereum: trying to use "stratum" mining protocol... to disable this behaviour, specify: protocol=JSON-RPC
2021-Oct-16 10:38:46: Ethereum: trying to use "stratum" mining protocol... to disable this behaviour, specify: protocol=JSON-RPC
2021-Oct-16 10:38:52: Ethereum: trying to use "stratum" mining protocol... to disable this behaviour, specify: protocol=JSON-RPC
2021-Oct-16 10:38:58: Ethereum: trying to use "stratum" mining protocol... to disable this behaviour, specify: protocol=JSON-RPC
2021-Oct-16 10:39:04: Ethereum: trying to use "stratum" mining protocol... to disable this behaviour, specify: protocol=JSON-RPC
2021-Oct-16 10:39:11: Ethereum: trying to use "stratum" mining protocol... to disable this behaviour, specify: protocol=JSON-RPC
2021-Oct-16 10:39:17: Ethereum: trying to use "stratum" mining protocol... to disable this behaviour, specify: protocol=JSON-RPC
2021-Oct-16 10:39:23: Ethereum: trying to use "stratum" mining protocol... to disable this behaviour, specify: protocol=JSON-RPC
2021-Oct-16 10:39:29: Ethereum: trying to use "stratum" mining protocol... to disable this behaviour, specify: protocol=JSON-RPC
2021-Oct-16 10:39:35: Ethereum: trying to use "stratum" mining protocol... to disable this behaviour, specify: protocol=JSON-RPC
2021-Oct-16 10:39:41: Ethereum: trying to use "stratum" mining protocol... to disable this behaviour, specify: protocol=JSON-RPC
2021-Oct-16 10:39:47: Ethereum: trying to use "stratum" mining protocol... to disable this behaviour, specify: protocol=JSON-RPC
2021-Oct-16 10:39:54: Ethereum: trying to use "stratum" mining protocol... to disable this behaviour, specify: protocol=JSON-RPC
2021-Oct-16 10:40:00: Ethereum: trying to use "stratum" mining protocol... to disable this behaviour, specify: protocol=JSON-RPC
2021-Oct-16 10:40:06: Ethereum: trying to use "stratum" mining protocol... to disable this behaviour, specify: protocol=JSON-RPC
2021-Oct-16 10:40:12: Ethereum: trying to use "stratum" mining protocol... to disable this behaviour, specify: protocol=JSON-RPC
2021-Oct-16 10:40:18: Ethereum: trying to use "stratum" mining protocol... to disable this behaviour, specify: protocol=JSON-RPC
2021-Oct-16 10:40:24: Ethereum: trying to use "stratum" mining protocol... to disable this behaviour, specify: protocol=JSON-RPC
2021-Oct-16 10:40:30: Ethereum: trying to use "stratum" mining protocol... to disable this behaviour, specify: protocol=JSON-RPC
2021-Oct-16 10:40:36: Ethereum: trying to use "stratum" mining protocol... to disable this behaviour, specify: protocol=JSON-RPC
2021-Oct-16 10:40:43: Ethereum: trying to use "stratum" mining protocol... to disable this behaviour, specify: protocol=JSON-RPC
2021-Oct-16 10:40:49: Ethereum: trying to use "stratum" mining protocol... to disable this behaviour, specify: protocol=JSON-RPC
2021-Oct-16 10:40:55: Ethereum: trying to use "stratum" mining protocol... to disable this behaviour, specify: protocol=JSON-RPC
2021-Oct-16 10:41:01: Ethereum: trying to use "stratum" mining protocol... to disable this behaviour, specify: protocol=JSON-RPC
2021-Oct-16 10:41:07: Ethereum: trying to use "stratum" mining protocol... to disable this behaviour, specify: protocol=JSON-RPC
2021-Oct-16 10:41:13: Ethereum: trying to use "stratum" mining protocol... to disable this behaviour, specify: protocol=JSON-RPC
2021-Oct-16 10:41:19: Ethereum: trying to use "stratum" mining protocol... to disable this behaviour, specify: protocol=JSON-RPC
2021-Oct-16 10:41:26: Ethereum: trying to use "stratum" mining protocol... to disable this behaviour, specify: protocol=JSON-RPC
2021-Oct-16 10:41:32: Ethereum: trying to use "stratum" mining protocol... to disable this behaviour, specify: protocol=JSON-RPC
2021-Oct-16 10:41:38: Ethereum: trying to use "stratum" mining protocol... to disable this behaviour, specify: protocol=JSON-RPC
2021-Oct-16 10:41:44: Ethereum: trying to use "stratum" mining protocol... to disable this behaviour, specify: protocol=JSON-RPC
2021-Oct-16 10:41:50: Ethereum: trying to use "stratum" mining protocol... to disable this behaviour, specify: protocol=JSON-RPC
2021-Oct-16 10:41:56: Ethereum: trying to use "stratum" mining protocol... to disable this behaviour, specify: protocol=JSON-RPC
2021-Oct-16 10:42:02: Ethereum: trying to use "stratum" mining protocol... to disable this behaviour, specify: protocol=JSON-RPC
2021-Oct-16 10:42:09: Ethereum: trying to use "stratum" mining protocol... to disable this behaviour, specify: protocol=JSON-RPC
2021-Oct-16 10:42:15: Ethereum: trying to use "stratum" mining protocol... to disable this behaviour, specify: protocol=JSON-RPC
2021-Oct-16 10:42:21: Ethereum: trying to use "stratum" mining protocol... to disable this behaviour, specify: protocol=JSON-RPC
2021-Oct-16 10:42:27: Ethereum: trying to use "stratum" mining protocol... to disable this behaviour, specify: protocol=JSON-RPC
2021-Oct-16 10:42:33: Ethereum: trying to use "stratum" mining protocol... to disable this behaviour, specify: protocol=JSON-RPC
2021-Oct-16 10:42:39: Ethereum: trying to use "stratum" mining protocol... to disable this behaviour, specify: protocol=JSON-RPC
2021-Oct-16 10:42:45: Ethereum: trying to use "stratum" mining protocol... to disable this behaviour, specify: protocol=JSON-RPC
2021-Oct-16 10:42:51: Ethereum: trying to use "stratum" mining protocol... to disable this behaviour, specify: protocol=JSON-RPC
2021-Oct-16 10:42:58: Ethereum: trying to use "stratum" mining protocol... to disable this behaviour, specify: protocol=JSON-RPC
2021-Oct-16 10:43:04: Ethereum: trying to use "stratum" mining protocol... to disable this behaviour, specify: protocol=JSON-RPC
2021-Oct-16 10:43:10: Ethereum: trying to use "stratum" mining protocol... to disable this behaviour, specify: protocol=JSON-RPC
2021-Oct-16 10:43:16: Ethereum: trying to use "stratum" mining protocol... to disable this behaviour, specify: protocol=JSON-RPC
2021-Oct-16 10:43:22: Ethereum: trying to use "stratum" mining protocol... to disable this behaviour, specify: protocol=JSON-RPC
2021-Oct-16 10:43:28: Ethereum: trying to use "stratum" mining protocol... to disable this behaviour, specify: protocol=JSON-RPC
2021-Oct-16 10:43:34: Ethereum: trying to use "stratum" mining protocol... to disable this behaviour, specify: protocol=JSON-RPC
2021-Oct-16 10:43:40: Ethereum: trying to use "stratum" mining protocol... to disable this behaviour, specify: protocol=JSON-RPC
2021-Oct-16 10:43:46: Ethereum: trying to use "stratum" mining protocol... to disable this behaviour, specify: protocol=JSON-RPC
2021-Oct-16 10:43:53: Ethereum: trying to use "stratum" mining protocol... to disable this behaviour, specify: protocol=JSON-RPC
2021-Oct-16 10:43:59: Ethereum: trying to use "stratum" mining protocol... to disable this behaviour, specify: protocol=JSON-RPC
2021-Oct-16 10:44:05: Ethereum: trying to use "stratum" mining protocol... to disable this behaviour, specify: protocol=JSON-RPC
2021-Oct-16 10:44:11: Ethereum: trying to use "stratum" mining protocol... to disable this behaviour, specify: protocol=JSON-RPC
2021-Oct-16 10:44:17: Ethereum: trying to use "stratum" mining protocol... to disable this behaviour, specify: protocol=JSON-RPC
2021-Oct-16 10:44:23: Ethereum: trying to use "stratum" mining protocol... to disable this behaviour, specify: protocol=JSON-RPC
2021-Oct-16 10:44:29: Ethereum: trying to use "stratum" mining protocol... to disable this behaviour, specify: protocol=JSON-RPC
2021-Oct-16 10:44:35: Ethereum: trying to use "stratum" mining protocol... to disable this behaviour, specify: protocol=JSON-RPC
2021-Oct-16 10:44:42: Ethereum: trying to use "stratum" mining protocol... to disable this behaviour, specify: protocol=JSON-RPC
2021-Oct-16 10:44:48: Ethereum: trying to use "stratum" mining protocol... to disable this behaviour, specify: protocol=JSON-RPC
2021-Oct-16 10:44:54: Ethereum: trying to use "stratum" mining protocol... to disable this behaviour, specify: protocol=JSON-RPC
2021-Oct-16 10:45:00: Ethereum: trying to use "stratum" mining protocol... to disable this behaviour, specify: protocol=JSON-RPC
2021-Oct-16 10:45:06: Ethereum: trying to use "stratum" mining protocol... to disable this behaviour, specify: protocol=JSON-RPC
2021-Oct-16 10:45:12: Ethereum: trying to use "stratum" mining protocol... to disable this behaviour, specify: protocol=JSON-RPC
2021-Oct-16 10:45:18: Ethereum: trying to use "stratum" mining protocol... to disable this behaviour, specify: protocol=JSON-RPC
2021-Oct-16 10:45:24: Ethereum: trying to use "stratum" mining protocol... to disable this behaviour, specify: protocol=JSON-RPC
2021-Oct-16 10:45:31: Ethereum: trying to use "stratum" mining protocol... to disable this behaviour, specify: protocol=JSON-RPC
2021-Oct-16 10:45:37: Ethereum: trying to use "stratum" mining protocol... to disable this behaviour, specify: protocol=JSON-RPC
2021-Oct-16 10:45:43: Ethereum: trying to use "stratum" mining protocol... to disable this behaviour, specify: protocol=JSON-RPC
2021-Oct-16 10:45:49: Ethereum: trying to use "stratum" mining protocol... to disable this behaviour, specify: protocol=JSON-RPC
2021-Oct-16 10:45:55: Ethereum: trying to use "stratum" mining protocol... to disable this behaviour, specify: protocol=JSON-RPC
2021-Oct-16 10:46:01: Ethereum: trying to use "stratum" mining protocol... to disable this behaviour, specify: protocol=JSON-RPC
2021-Oct-16 10:46:07: Ethereum: trying to use "stratum" mining protocol... to disable this behaviour, specify: protocol=JSON-RPC
2021-Oct-16 10:46:13: Ethereum: trying to use "stratum" mining protocol... to disable this behaviour, specify: protocol=JSON-RPC
2021-Oct-16 10:46:20: Ethereum: trying to use "stratum" mining protocol... to disable this behaviour, specify: protocol=JSON-RPC
2021-Oct-16 10:46:26: Ethereum: trying to use "stratum" mining protocol... to disable this behaviour, specify: protocol=JSON-RPC
2021-Oct-16 10:46:32: Ethereum: trying to use "stratum" mining protocol... to disable this behaviour, specify: protocol=JSON-RPC
2021-Oct-16 10:46:38: Ethereum: trying to use "stratum" mining protocol... to disable this behaviour, specify: protocol=JSON-RPC
2021-Oct-16 10:46:44: Ethereum: trying to use "stratum" mining protocol... to disable this behaviour, specify: protocol=JSON-RPC
2021-Oct-16 10:46:50: Ethereum: trying to use "stratum" mining protocol... to disable this behaviour, specify: protocol=JSON-RPC
2021-Oct-16 10:46:56: Ethereum: trying to use "stratum" mining protocol... to disable this behaviour, specify: protocol=JSON-RPC
2021-Oct-16 10:47:02: Ethereum: trying to use "stratum" mining protocol... to disable this behaviour, specify: protocol=JSON-RPC
2021-Oct-16 10:47:09: Ethereum: trying to use "stratum" mining protocol... to disable this behaviour, specify: protocol=JSON-RPC
2021-Oct-16 10:47:15: Ethereum: trying to use "stratum" mining protocol... to disable this behaviour, specify: protocol=JSON-RPC
2021-Oct-16 10:47:21: Ethereum: trying to use "stratum" mining protocol... to disable this behaviour, specify: protocol=JSON-RPC
2021-Oct-16 10:47:27: Ethereum: trying to use "stratum" mining protocol... to disable this behaviour, specify: protocol=JSON-RPC
2021-Oct-16 10:47:33: Ethereum: trying to use "stratum" mining protocol... to disable this behaviour, specify: protocol=JSON-RPC
2021-Oct-16 10:47:39: Ethereum: trying to use "stratum" mining protocol... to disable this behaviour, specify: protocol=JSON-RPC
2021-Oct-16 10:47:45: Ethereum: trying to use "stratum" mining protocol... to disable this behaviour, specify: protocol=JSON-RPC
2021-Oct-16 10:47:52: Ethereum: trying to use "stratum" mining protocol... to disable this behaviour, specify: protocol=JSON-RPC
2021-Oct-16 10:47:58: Ethereum: trying to use "stratum" mining protocol... to disable this behaviour, specify: protocol=JSON-RPC
2021-Oct-16 10:48:04: Ethereum: trying to use "stratum" mining protocol... to disable this behaviour, specify: protocol=JSON-RPC
2021-Oct-16 10:48:10: Ethereum: trying to use "stratum" mining protocol... to disable this behaviour, specify: protocol=JSON-RPC
2021-Oct-16 10:48:16: Ethereum: trying to use "stratum" mining protocol... to disable this behaviour, specify: protocol=JSON-RPC
2021-Oct-16 10:48:22: Ethereum: trying to use "stratum" mining protocol... to disable this behaviour, specify: protocol=JSON-RPC
2021-Oct-16 10:48:28: Ethereum: trying to use "stratum" mining protocol... to disable this behaviour, specify: protocol=JSON-RPC
2021-Oct-16 10:48:35: Ethereum: trying to use "stratum" mining protocol... to disable this behaviour, specify: protocol=JSON-RPC
2021-Oct-16 10:48:41: Ethereum: trying to use "stratum" mining protocol... to disable this behaviour, specify: protocol=JSON-RPC
2021-Oct-16 10:48:47: Ethereum: trying to use "stratum" mining protocol... to disable this behaviour, specify: protocol=JSON-RPC
2021-Oct-16 10:48:53: Ethereum: trying to use "stratum" mining protocol... to disable this behaviour, specify: protocol=JSON-RPC
2021-Oct-16 10:48:59: Ethereum: trying to use "stratum" mining protocol... to disable this behaviour, specify: protocol=JSON-RPC
2021-Oct-16 10:49:05: Ethereum: trying to use "stratum" mining protocol... to disable this behaviour, specify: protocol=JSON-RPC
2021-Oct-16 10:49:07: [Ethash] ~~~~~~ DevFee begin ~~~~~~
2021-Oct-16 10:49:19: New job from commission host
2021-Oct-16 10:49:19: Ethereum - Total speed: 0.000 H/s, Total shares: 0 Rejected: 0, Time: 34:15
2021-Oct-16 10:49:19: GPU0 t=30°C fan 28% power 9.47W. Total power: 9.47W
2021-Oct-16 10:49:19: New job from commission host
2021-Oct-16 10:49:19: Ethereum - Total speed: 0.000 H/s, Total shares: 0 Rejected: 0, Time: 34:15
2021-Oct-16 10:49:19: Ethereum last 10 min - Total: 0.000 H/s.
2021-Oct-16 10:49:22: New job from commission host
2021-Oct-16 10:49:22: Ethereum - Total speed: 0.000 H/s, Total shares: 0 Rejected: 0, Time: 34:18
2021-Oct-16 10:49:22: GPU0 t=33°C fan 27% power 104.11W. Total power: 104.11W
2021-Oct-16 10:49:25: New job from commission host
2021-Oct-16 10:49:25: Ethereum - Total speed: 0.000 H/s, Total shares: 0 Rejected: 0, Time: 34:21
2021-Oct-16 10:49:28: New job from commission host
2021-Oct-16 10:49:28: Ethereum - Total speed: 0.000 H/s, Total shares: 0 Rejected: 0, Time: 34:24
2021-Oct-16 10:49:28: GPU0 t=39°C fan 27% power 107.69W. Total power: 107.69W
2021-Oct-16 10:49:29: New job from commission host
2021-Oct-16 10:49:29: Ethereum - Total speed: 0.000 H/s, Total shares: 0 Rejected: 0, Time: 34:25
2021-Oct-16 10:49:29: Ethereum last 10 min - Total: 0.000 H/s.
2021-Oct-16 10:49:31: New job from commission host
2021-Oct-16 10:49:31: Ethereum - Total speed: 0.000 H/s, Total shares: 0 Rejected: 0, Time: 34:27
2021-Oct-16 10:49:31: GPU0 t=40°C fan 27% power 107.26W. Total power: 107.26W
2021-Oct-16 10:49:31: New job from commission host
2021-Oct-16 10:49:31: Ethereum - Total speed: 0.000 H/s, Total shares: 0 Rejected: 0, Time: 34:27
2021-Oct-16 10:49:34: GPU0: 4599 MB DAG generated in 11.94 seconds
2021-Oct-16 10:49:34: New job from commission host
2021-Oct-16 10:49:34: Ethereum - Some devices are tuning so hashrate can be lower than expected
2021-Oct-16 10:49:34: Ethereum - Total speed: 0.000 H/s, Total shares: 0 Rejected: 0, Time: 34:30
2021-Oct-16 10:49:34: GPU0 t=41°C fan 27% power 112.08W. Total power: 112.08W
2021-Oct-16 10:49:34: New job from commission host
2021-Oct-16 10:49:34: Ethereum - Total speed: 24.670 MH/s, Total shares: 0 Rejected: 0, Time: 34:30
2021-Oct-16 10:49:34: Ethereum last 10 min - Total: 12.335 MH/s.
2021-Oct-16 10:49:37: New job from commission host
2021-Oct-16 10:49:37: Ethereum - Total speed: 24.671 MH/s, Total shares: 0 Rejected: 0, Time: 34:33
2021-Oct-16 10:49:37: GPU0 t=44°C fan 27% power 125.62W. Total power: 125.62W
2021-Oct-16 10:49:40: New job from commission host
2021-Oct-16 10:49:40: Ethereum - Total speed: 24.673 MH/s, Total shares: 0 Rejected: 0, Time: 34:36
2021-Oct-16 10:49:40: New job from commission host
2021-Oct-16 10:49:40: Ethereum - Total speed: 24.676 MH/s, Total shares: 0 Rejected: 0, Time: 34:36
2021-Oct-16 10:49:40: GPU0 t=46°C fan 27% power 125.72W. Total power: 125.72W
2021-Oct-16 10:49:43: New job from commission host
2021-Oct-16 10:49:43: Ethereum - Total speed: 24.679 MH/s, Total shares: 0 Rejected: 0, Time: 34:39
2021-Oct-16 10:49:43: Ethereum last 10 min - Total: 24.601 MH/s.
2021-Oct-16 10:49:46: New job from commission host
2021-Oct-16 10:49:46: Ethereum - Total speed: 24.680 MH/s, Total shares: 0 Rejected: 0, Time: 34:42
2021-Oct-16 10:49:46: GPU0 t=48°C fan 29% power 119.93W. Total power: 119.93W
2021-Oct-16 10:49:46: New job from commission host
2021-Oct-16 10:49:46: Ethereum - Total speed: 24.680 MH/s, Total shares: 0 Rejected: 0, Time: 34:42
2021-Oct-16 10:49:50: New job from commission host
2021-Oct-16 10:49:50: Ethereum - Total speed: 24.673 MH/s, Total shares: 0 Rejected: 0, Time: 34:46
2021-Oct-16 10:49:50: GPU0 t=49°C fan 29% power 124.65W. Total power: 124.65W
2021-Oct-16 10:49:50: New job from commission host
2021-Oct-16 10:49:50: Ethereum - Total speed: 24.665 MH/s, Total shares: 0 Rejected: 0, Time: 34:46
2021-Oct-16 10:49:50: Ethereum last 10 min - Total: 24.635 MH/s.
2021-Oct-16 10:49:51: New job from commission host
2021-Oct-16 10:49:51: Ethereum - Total speed: 24.657 MH/s, Total shares: 0 Rejected: 0, Time: 34:47
2021-Oct-16 10:49:51: GPU0 t=49°C fan 30% power 124.84W. Total power: 124.84W
2021-Oct-16 10:49:51: New job from commission host
2021-Oct-16 10:49:51: Ethereum - Total speed: 24.657 MH/s, Total shares: 0 Rejected: 0, Time: 34:47
2021-Oct-16 10:49:55: New job from commission host
2021-Oct-16 10:49:55: Ethereum - Total speed: 24.648 MH/s, Total shares: 0 Rejected: 0, Time: 34:51
2021-Oct-16 10:49:55: GPU0 t=51°C fan 31% power 125.19W. Total power: 125.19W
2021-Oct-16 10:49:57: New job from commission host
2021-Oct-16 10:49:57: Ethereum - Total speed: 24.642 MH/s, Total shares: 0 Rejected: 0, Time: 34:53
2021-Oct-16 10:49:57: Ethereum last 10 min - Total: 24.640 MH/s.
2021-Oct-16 10:50:00: New job from commission host
2021-Oct-16 10:50:00: Ethereum - Total speed: 24.636 MH/s, Total shares: 0 Rejected: 0, Time: 34:56
2021-Oct-16 10:50:00: GPU0 t=53°C fan 32% power 128.49W. Total power: 128.49W
2021-Oct-16 10:50:03: New job from commission host
2021-Oct-16 10:50:03: Ethereum - Total speed: 24.629 MH/s, Total shares: 0 Rejected: 0, Time: 34:59
2021-Oct-16 10:50:06: New job from commission host
2021-Oct-16 10:50:06: Ethereum - Total speed: 24.622 MH/s, Total shares: 0 Rejected: 0, Time: 35:02
2021-Oct-16 10:50:06: GPU0 t=55°C fan 33% power 129.03W. Total power: 129.03W
2021-Oct-16 10:50:10: New job from commission host
2021-Oct-16 10:50:10: Ethereum - Total speed: 24.616 MH/s, Total shares: 0 Rejected: 0, Time: 35:06
2021-Oct-16 10:50:10: Ethereum last 10 min - Total: 24.636 MH/s.
2021-Oct-16 10:50:10: New job from commission host
2021-Oct-16 10:50:10: Ethereum - Total speed: 24.612 MH/s, Total shares: 0 Rejected: 0, Time: 35:06
2021-Oct-16 10:50:10: GPU0 t=56°C fan 34% power 129.56W. Total power: 129.56W
2021-Oct-16 10:50:13: New job from commission host
2021-Oct-16 10:50:13: Ethereum - Total speed: 24.607 MH/s, Total shares: 0 Rejected: 0, Time: 35:09
2021-Oct-16 10:50:13: New job from commission host
2021-Oct-16 10:50:13: Ethereum - Total speed: 24.602 MH/s, Total shares: 0 Rejected: 0, Time: 35:09
2021-Oct-16 10:50:13: GPU0 t=57°C fan 35% power 130.05W. Total power: 130.05W
2021-Oct-16 10:50:15: New job from commission host
2021-Oct-16 10:50:15: Ethereum - Total speed: 24.598 MH/s, Total shares: 0 Rejected: 0, Time: 35:11
2021-Oct-16 10:50:15: Ethereum last 10 min - Total: 24.632 MH/s.
2021-Oct-16 10:50:18: New job from commission host
2021-Oct-16 10:50:18: Ethereum - Total speed: 24.582 MH/s, Total shares: 0 Rejected: 0, Time: 35:14
2021-Oct-16 10:50:18: GPU0 t=58°C fan 36% power 126.35W. Total power: 126.35W
2021-Oct-16 10:50:20: [Ethash] ~~~~~~ DevFee end ~~~~~~
2021-Oct-16 10:50:26: Connection was closed.
2021-Oct-16 10:50:26: Connecting to pools...
2021-Oct-16 10:50:32: Connected to pool: eth-asia1.nanopool.org:9433 | IP: 139.99.101.197 | ping: 67 ms.
2021-Oct-16 10:50:32: Connection was closed.
2021-Oct-16 10:50:32: Connecting to pools...
2021-Oct-16 10:50:39: Connected to pool: eth-us-west1.nanopool.org:9433 | IP: 66.42.105.146 | ping: 132 ms.
2021-Oct-16 10:50:39: Connection was closed.
2021-Oct-16 10:50:39: Connecting to pools...
2021-Oct-16 10:50:45: Connected to pool: eth-us-east1.nanopool.org:9433 | IP: 192.99.69.170 | ping: 192 ms.
2021-Oct-16 10:50:45: Connection was closed.
2021-Oct-16 10:50:45: Connecting to pools...
2021-Oct-16 10:50:50: Ethereum - Total speed: 24.558 MH/s, Total shares: 0 Rejected: 0, Time: 35:46
2021-Oct-16 10:50:52: Connected to pool: eth-au1.nanopool.org:9433 | IP: 139.99.156.30 | ping: 201 ms.
2021-Oct-16 10:50:52: Connection was closed.
2021-Oct-16 10:50:52: Connecting to pools...
2021-Oct-16 10:50:59: Connected to pool: eth-eu2.nanopool.org:9433 | IP: 51.255.34.80 | ping: 269 ms.
2021-Oct-16 10:50:59: Connection was closed.
2021-Oct-16 10:50:59: Connecting to pools...
2021-Oct-16 10:51:05: Connected to pool: eth-eu1.nanopool.org:9433 | IP: 151.80.59.84 | ping: 271 ms.
2021-Oct-16 10:51:06: Connection was closed.
2021-Oct-16 10:51:06: Connecting to pools...
2021-Oct-16 10:51:12: Connected to pool: eth-jp1.nanopool.org:9433 | IP: 139.162.112.195 | ping: 35 ms.
2021-Oct-16 10:51:12: Connection was closed.
2021-Oct-16 10:51:12: Connecting to pools...
2021-Oct-16 10:51:18: Connected to pool: eth-asia1.nanopool.org:9433 | IP: 139.99.102.73 | ping: 67 ms.
2021-Oct-16 10:51:18: Connection was closed.
2021-Oct-16 10:51:18: Connecting to pools...
2021-Oct-16 10:51:21: Ethereum - Total speed: 24.558 MH/s, Total shares: 0 Rejected: 0, Time: 36:17
2021-Oct-16 10:51:21: GPU0 t=69°C fan 44% power 132.21W. Total power: 132.21W
2021-Oct-16 10:51:24: Connected to pool: eth-us-west1.nanopool.org:9433 | IP: 104.238.180.207 | ping: 132 ms.
2021-Oct-16 10:51:24: Connection was closed.
2021-Oct-16 10:51:24: Connecting to pools...
2021-Oct-16 10:51:31: Connected to pool: eth-us-east1.nanopool.org:9433 | IP: 142.44.243.6 | ping: 192 ms.
2021-Oct-16 10:51:31: Connection was closed.
2021-Oct-16 10:51:31: Connecting to pools...
2021-Oct-16 10:51:37: Connected to pool: eth-au1.nanopool.org:9433 | IP: 139.99.156.30 | ping: 201 ms.
2021-Oct-16 10:51:38: Connection was closed.
2021-Oct-16 10:51:38: Connecting to pools...
2021-Oct-16 10:51:44: Connected to pool: eth-eu2.nanopool.org:9433 | IP: 213.32.74.157 | ping: 269 ms.
2021-Oct-16 10:51:44: Connection was closed.
2021-Oct-16 10:51:44: Connecting to pools...
2021-Oct-16 10:51:51: Connected to pool: eth-eu1.nanopool.org:9433 | IP: 163.172.162.51 | ping: 271 ms.
2021-Oct-16 10:51:51: Connection was closed.
2021-Oct-16 10:51:51: Connecting to pools...
2021-Oct-16 10:51:52: Ethereum - Total speed: 24.558 MH/s, Total shares: 0 Rejected: 0, Time: 36:48
2021-Oct-16 10:51:52: Ethereum last 10 min - Total: 24.584 MH/s.
2021-Oct-16 10:51:57: Connected to pool: eth-jp1.nanopool.org:9433 | IP: 139.162.112.195 | ping: 35 ms.
2021-Oct-16 10:51:57: Connection was closed.
2021-Oct-16 10:51:57: Connecting to pools...
2021-Oct-16 10:52:03: Connected to pool: eth-asia1.nanopool.org:9433 | IP: 139.99.101.198 | ping: 67 ms.
2021-Oct-16 10:52:03: Connection was closed.
2021-Oct-16 10:52:03: Connecting to pools...
2021-Oct-16 10:52:10: Connected to pool: eth-us-west1.nanopool.org:9433 | IP: 207.246.100.198 | ping: 132 ms.
2021-Oct-16 10:52:10: Connection was closed.
2021-Oct-16 10:52:10: Connecting to pools...
2021-Oct-16 10:52:16: Connected to pool: eth-us-east1.nanopool.org:9433 | IP: 144.217.14.109 | ping: 192 ms.
2021-Oct-16 10:52:16: Connection was closed.
2021-Oct-16 10:52:16: Connecting to pools...
2021-Oct-16 10:52:23: Connected to pool: eth-au1.nanopool.org:9433 | IP: 139.99.156.30 | ping: 201 ms.
2021-Oct-16 10:52:23: Ethereum - Total speed: 24.558 MH/s, Total shares: 0 Rejected: 0, Time: 37:19
2021-Oct-16 10:52:23: GPU0 t=74°C fan 48% power 133.70W. Total power: 133.70W
2021-Oct-16 10:52:23: Connection was closed.
2021-Oct-16 10:52:23: Connecting to pools...
2021-Oct-16 10:52:29: Connected to pool: eth-eu2.nanopool.org:9433 | IP: 51.15.67.17 | ping: 269 ms.
2021-Oct-16 10:52:30: Connection was closed.
2021-Oct-16 10:52:30: Connecting to pools...
2021-Oct-16 10:52:37: Connected to pool: eth-eu1.nanopool.org:9433 | IP: 213.32.74.230 | ping: 271 ms.
2021-Oct-16 10:52:38: Connection was closed.
2021-Oct-16 10:52:38: Connecting to pools...
2021-Oct-16 10:52:44: Connected to pool: eth-jp1.nanopool.org:9433 | IP: 139.162.81.90 | ping: 35 ms.
2021-Oct-16 10:52:44: Connection was closed.
2021-Oct-16 10:52:44: Connecting to pools...
2021-Oct-16 10:52:50: Connected to pool: eth-asia1.nanopool.org:9433 | IP: 172.104.165.191 | ping: 67 ms.
2021-Oct-16 10:52:50: Connection was closed.
2021-Oct-16 10:52:50: Connecting to pools...
2021-Oct-16 10:52:54: Ethereum - Total speed: 24.558 MH/s, Total shares: 0 Rejected: 0, Time: 37:50
2021-Oct-16 10:52:56: Connected to pool: eth-us-west1.nanopool.org:9433 | IP: 66.42.105.146 | ping: 132 ms.
2021-Oct-16 10:52:56: Connection was closed.
2021-Oct-16 10:52:56: Connecting to pools...
2021-Oct-16 10:53:03: Connected to pool: eth-us-east1.nanopool.org:9433 | IP: 142.44.242.100 | ping: 192 ms.
2021-Oct-16 10:53:03: Connection was closed.
2021-Oct-16 10:53:03: Connecting to pools...
2021-Oct-16 10:53:09: Connected to pool: eth-au1.nanopool.org:9433 | IP: 139.99.156.30 | ping: 201 ms.
2021-Oct-16 10:53:10: Connection was closed.
2021-Oct-16 10:53:10: Connecting to pools...
2021-Oct-16 10:53:16: Connected to pool: eth-eu2.nanopool.org:9433 | IP: 51.15.55.100 | ping: 269 ms.
2021-Oct-16 10:53:16: Connection was closed.
2021-Oct-16 10:53:16: Connecting to pools...
2021-Oct-16 10:53:23: Connected to pool: eth-eu1.nanopool.org:9433 | IP: 213.32.74.230 | ping: 271 ms.
2021-Oct-16 10:53:23: Connection was closed.
2021-Oct-16 10:53:23: Connecting to pools...
2021-Oct-16 10:53:25: Ethereum - Total speed: 24.558 MH/s, Total shares: 0 Rejected: 0, Time: 38:21
2021-Oct-16 10:53:25: GPU0 t=76°C fan 50% power 135.66W. Total power: 135.66W
2021-Oct-16 10:53:29: Connected to pool: eth-jp1.nanopool.org:9433 | IP: 172.105.211.250 | ping: 35 ms.
2021-Oct-16 10:53:29: Connection was closed.
2021-Oct-16 10:53:29: Connecting to pools...
2021-Oct-16 10:53:35: Connected to pool: eth-asia1.nanopool.org:9433 | IP: 139.99.102.74 | ping: 67 ms.
2021-Oct-16 10:53:35: Connection was closed.
2021-Oct-16 10:53:35: Connecting to pools...
2021-Oct-16 10:53:42: Connected to pool: eth-us-west1.nanopool.org:9433 | IP: 207.246.100.198 | ping: 132 ms.
2021-Oct-16 10:53:42: Connection was closed.
2021-Oct-16 10:53:42: Connecting to pools...
2021-Oct-16 10:53:48: Connected to pool: eth-us-east1.nanopool.org:9433 | IP: 192.99.69.170 | ping: 192 ms.
2021-Oct-16 10:53:48: Connection was closed.
2021-Oct-16 10:53:48: Connecting to pools...
2021-Oct-16 10:53:55: Connected to pool: eth-au1.nanopool.org:9433 | IP: 139.99.156.30 | ping: 201 ms.
2021-Oct-16 10:53:55: Connection was closed.
2021-Oct-16 10:53:55: Connecting to pools...
2021-Oct-16 10:53:56: Ethereum - Total speed: 24.558 MH/s, Total shares: 0 Rejected: 0, Time: 38:52
2021-Oct-16 10:53:56: Ethereum last 10 min - Total: 24.572 MH/s.
2021-Oct-16 10:54:01: Connected to pool: eth-eu2.nanopool.org:9433 | IP: 51.15.55.100 | ping: 269 ms.
2021-Oct-16 10:54:01: Connection was closed.
2021-Oct-16 10:54:01: Connecting to pools...
2021-Oct-16 10:54:08: Connected to pool: eth-eu1.nanopool.org:9433 | IP: 51.15.89.69 | ping: 271 ms.
2021-Oct-16 10:54:08: Connection was closed.
2021-Oct-16 10:54:08: Connecting to pools...
2021-Oct-16 10:54:14: Connected to pool: eth-jp1.nanopool.org:9433 | IP: 139.162.81.90 | ping: 35 ms.
2021-Oct-16 10:54:14: Connection was closed.
2021-Oct-16 10:54:14: Connecting to pools...
2021-Oct-16 10:54:20: There were no new jobs in the past four minutes. Stopping mining.
2021-Oct-16 10:54:21: Connected to pool: eth-asia1.nanopool.org:9433 | IP: 139.99.102.74 | ping: 67 ms.
2021-Oct-16 10:54:21: Connection was closed.
2021-Oct-16 10:54:21: Connecting to pools...
2021-Oct-16 10:54:27: Connected to pool: eth-us-west1.nanopool.org:9433 | IP: 207.246.100.198 | ping: 132 ms.
2021-Oct-16 10:54:27: Connection was closed.
2021-Oct-16 10:54:27: Connecting to pools...
2021-Oct-16 10:54:33: Connected to pool: eth-us-east1.nanopool.org:9433 | IP: 192.99.69.170 | ping: 192 ms.
2021-Oct-16 10:54:34: Connection was closed.
2021-Oct-16 10:54:34: Connecting to pools...
2021-Oct-16 10:54:40: Connected to pool: eth-au1.nanopool.org:9433 | IP: 139.99.156.30 | ping: 201 ms.
2021-Oct-16 10:54:40: Connection was closed.
2021-Oct-16 10:54:40: Connecting to pools...
2021-Oct-16 10:54:47: Connected to pool: eth-eu2.nanopool.org:9433 | IP: 51.15.55.100 | ping: 269 ms.
2021-Oct-16 10:54:47: Connection was closed.
2021-Oct-16 10:54:47: Connecting to pools...
2021-Oct-16 10:54:54: Connected to pool: eth-eu1.nanopool.org:9433 | IP: 213.32.74.230 | ping: 271 ms.
2021-Oct-16 10:54:54: Connection was closed.
2021-Oct-16 10:54:54: Connecting to pools...
2021-Oct-16 10:55:00: Connected to pool: eth-jp1.nanopool.org:9433 | IP: 139.162.81.90 | ping: 35 ms.
2021-Oct-16 10:55:00: Connection was closed.
2021-Oct-16 10:55:00: Connecting to pools...
2021-Oct-16 10:55:06: Connected to pool: eth-asia1.nanopool.org:9433 | IP: 103.3.62.64 | ping: 67 ms.
2021-Oct-16 10:55:06: Connection was closed.
2021-Oct-16 10:55:06: Connecting to pools...
2021-Oct-16 10:55:12: Connected to pool: eth-us-west1.nanopool.org:9433 | IP: 207.246.100.198 | ping: 132 ms.
2021-Oct-16 10:55:12: Connection was closed.
2021-Oct-16 10:55:12: Connecting to pools...
2021-Oct-16 10:55:19: Connected to pool: eth-us-east1.nanopool.org:9433 | IP: 144.217.14.139 | ping: 192 ms.
2021-Oct-16 10:55:19: Connection was closed.
2021-Oct-16 10:55:19: Connecting to pools...
2021-Oct-16 10:55:25: Connected to pool: eth-au1.nanopool.org:9433 | IP: 139.99.156.30 | ping: 201 ms.
2021-Oct-16 10:55:26: Connection was closed.
2021-Oct-16 10:55:26: Connecting to pools...
2021-Oct-16 10:55:32: Connected to pool: eth-eu2.nanopool.org:9433 | IP: 213.32.74.157 | ping: 269 ms.
2021-Oct-16 10:55:32: Connection was closed.
2021-Oct-16 10:55:32: Connecting to pools...
2021-Oct-16 10:55:39: Connected to pool: eth-eu1.nanopool.org:9433 | IP: 151.80.59.84 | ping: 271 ms.
2021-Oct-16 10:55:39: Connection was closed.
2021-Oct-16 10:55:39: Connecting to pools...
2021-Oct-16 10:55:45: Connected to pool: eth-jp1.nanopool.org:9433 | IP: 139.162.112.195 | ping: 35 ms.
2021-Oct-16 10:55:45: Connection was closed.
2021-Oct-16 10:55:45: Connecting to pools...
2021-Oct-16 10:55:52: Connected to pool: eth-asia1.nanopool.org:9433 | IP: 139.99.102.73 | ping: 67 ms.
2021-Oct-16 10:55:52: Connection was closed.
2021-Oct-16 10:55:52: Connecting to pools...
2021-Oct-16 10:55:58: Connected to pool: eth-us-west1.nanopool.org:9433 | IP: 207.246.100.198 | ping: 132 ms.
2021-Oct-16 10:55:58: Connection was closed.
2021-Oct-16 10:55:58: Connecting to pools...
2021-Oct-16 10:56:04: Connected to pool: eth-us-east1.nanopool.org:9433 | IP: 144.217.14.139 | ping: 192 ms.
2021-Oct-16 10:56:05: Connection was closed.
2021-Oct-16 10:56:05: Connecting to pools...
2021-Oct-16 10:56:11: Connected to pool: eth-au1.nanopool.org:9433 | IP: 139.99.156.30 | ping: 201 ms.
2021-Oct-16 10:56:11: Connection was closed.
2021-Oct-16 10:56:11: Connecting to pools...
2021-Oct-16 10:56:18: Connected to pool: eth-eu2.nanopool.org:9433 | IP: 51.15.67.17 | ping: 269 ms.
2021-Oct-16 10:56:18: Connection was closed.
2021-Oct-16 10:56:18: Connecting to pools...
2021-Oct-16 10:56:24: Connected to pool: eth-eu1.nanopool.org:9433 | IP: 151.80.59.84 | ping: 271 ms.
2021-Oct-16 10:56:25: Connection was closed.
2021-Oct-16 10:56:25: Connecting to pools...
2021-Oct-16 10:56:31: Connected to pool: eth-jp1.nanopool.org:9433 | IP: 139.162.112.195 | ping: 35 ms.
2021-Oct-16 10:56:31: Connection was closed.
2021-Oct-16 10:56:31: Connecting to pools...
2021-Oct-16 10:56:37: Connected to pool: eth-asia1.nanopool.org:9433 | IP: 139.99.101.232 | ping: 67 ms.
2021-Oct-16 10:56:37: Connection was closed.
2021-Oct-16 10:56:37: Connecting to pools...
2021-Oct-16 10:56:43: Connected to pool: eth-us-west1.nanopool.org:9433 | IP: 207.246.100.198 | ping: 132 ms.
2021-Oct-16 10:56:44: Connection was closed.
2021-Oct-16 10:56:44: Connecting to pools...
2021-Oct-16 10:56:50: Connected to pool: eth-us-east1.nanopool.org:9433 | IP: 144.217.14.139 | ping: 192 ms.
2021-Oct-16 10:56:50: Connection was closed.
2021-Oct-16 10:56:50: Connecting to pools...
2021-Oct-16 10:56:57: Connected to pool: eth-au1.nanopool.org:9433 | IP: 139.99.156.30 | ping: 201 ms.
2021-Oct-16 10:56:57: Connection was closed.
2021-Oct-16 10:56:57: Connecting to pools...
2021-Oct-16 10:57:03: Connected to pool: eth-eu2.nanopool.org:9433 | IP: 51.255.34.79 | ping: 269 ms.
2021-Oct-16 10:57:04: Connection was closed.
2021-Oct-16 10:57:04: Connecting to pools...
2021-Oct-16 10:57:10: Connected to pool: eth-eu1.nanopool.org:9433 | IP: 213.32.74.230 | ping: 271 ms.
2021-Oct-16 10:57:10: Connection was closed.
2021-Oct-16 10:57:10: Connecting to pools...
2021-Oct-16 10:57:16: Connected to pool: eth-jp1.nanopool.org:9433 | IP: 139.162.112.195 | ping: 35 ms.
2021-Oct-16 10:57:17: Connection was closed.
2021-Oct-16 10:57:17: Connecting to pools...
2021-Oct-16 10:57:23: Connected to pool: eth-asia1.nanopool.org:9433 | IP: 139.99.102.72 | ping: 67 ms.
2021-Oct-16 10:57:23: Connection was closed.
2021-Oct-16 10:57:23: Connecting to pools...
2021-Oct-16 10:57:29: Connected to pool: eth-us-west1.nanopool.org:9433 | IP: 207.246.100.198 | ping: 132 ms.
2021-Oct-16 10:57:29: Connection was closed.
2021-Oct-16 10:57:29: Connecting to pools...
2021-Oct-16 10:57:36: Connected to pool: eth-us-east1.nanopool.org:9433 | IP: 144.217.14.109 | ping: 192 ms.
2021-Oct-16 10:57:36: Connection was closed.
2021-Oct-16 10:57:36: Connecting to pools...
2021-Oct-16 10:57:42: Connected to pool: eth-au1.nanopool.org:9433 | IP: 139.99.156.30 | ping: 201 ms.
2021-Oct-16 10:57:42: Connection was closed.
2021-Oct-16 10:57:42: Connecting to pools...
2021-Oct-16 10:57:49: Connected to pool: eth-eu2.nanopool.org:9433 | IP: 51.255.34.79 | ping: 269 ms.
2021-Oct-16 10:57:49: Connection was closed.
2021-Oct-16 10:57:49: Connecting to pools...
2021-Oct-16 10:57:57: Connected to pool: eth-eu1.nanopool.org:9433 | IP: 213.32.74.230 | ping: 271 ms.
2021-Oct-16 10:57:57: Connection was closed.
2021-Oct-16 10:57:57: Connecting to pools...
2021-Oct-16 10:58:03: Connected to pool: eth-jp1.nanopool.org:9433 | IP: 139.162.81.90 | ping: 35 ms.
2021-Oct-16 10:58:03: Connection was closed.
2021-Oct-16 10:58:03: Connecting to pools...
2021-Oct-16 10:58:09: Connected to pool: eth-asia1.nanopool.org:9433 | IP: 172.104.165.191 | ping: 67 ms.
2021-Oct-16 10:58:09: Connection was closed.
2021-Oct-16 10:58:09: Connecting to pools...
2021-Oct-16 10:58:16: Connected to pool: eth-us-west1.nanopool.org:9433 | IP: 104.238.180.207 | ping: 132 ms.
2021-Oct-16 10:58:16: Connection was closed.
2021-Oct-16 10:58:16: Connecting to pools...
2021-Oct-16 10:58:22: Connected to pool: eth-us-east1.nanopool.org:9433 | IP: 144.217.14.109 | ping: 192 ms.
2021-Oct-16 10:58:22: Connection was closed.
2021-Oct-16 10:58:22: Connecting to pools...
2021-Oct-16 10:58:29: Connected to pool: eth-au1.nanopool.org:9433 | IP: 139.99.156.30 | ping: 201 ms.
2021-Oct-16 10:58:29: Connection was closed.
2021-Oct-16 10:58:29: Connecting to pools...
2021-Oct-16 10:58:36: Connected to pool: eth-eu2.nanopool.org:9433 | IP: 213.32.74.157 | ping: 269 ms.
2021-Oct-16 10:58:36: Connection was closed.
2021-Oct-16 10:58:36: Connecting to pools...
2021-Oct-16 10:58:42: Connected to pool: eth-eu1.nanopool.org:9433 | IP: 163.172.162.51 | ping: 271 ms.
2021-Oct-16 10:58:43: Connection was closed.
2021-Oct-16 10:58:43: Connecting to pools...
2021-Oct-16 10:58:49: Connected to pool: eth-jp1.nanopool.org:9433 | IP: 172.105.211.250 | ping: 35 ms.
2021-Oct-16 10:58:49: Connection was closed.
2021-Oct-16 10:58:49: Connecting to pools...
2021-Oct-16 10:58:55: Connected to pool: eth-asia1.nanopool.org:9433 | IP: 139.99.101.232 | ping: 67 ms.
2021-Oct-16 10:58:55: Connection was closed.
2021-Oct-16 10:58:55: Connecting to pools...
2021-Oct-16 10:59:01: Connected to pool: eth-us-west1.nanopool.org:9433 | IP: 149.28.212.250 | ping: 132 ms.
2021-Oct-16 10:59:01: Connection was closed.
2021-Oct-16 10:59:01: Connecting to pools...
2021-Oct-16 10:59:08: Connected to pool: eth-us-east1.nanopool.org:9433 | IP: 144.217.14.139 | ping: 192 ms.
2021-Oct-16 10:59:08: Connection was closed.
2021-Oct-16 10:59:08: Connecting to pools...
2021-Oct-16 10:59:14: Connected to pool: eth-au1.nanopool.org:9433 | IP: 139.99.156.30 | ping: 201 ms.
2021-Oct-16 10:59:14: Connection was closed.
2021-Oct-16 10:59:14: Connecting to pools...
2021-Oct-16 10:59:21: Connected to pool: eth-eu2.nanopool.org:9433 | IP: 51.15.67.17 | ping: 269 ms.
2021-Oct-16 10:59:21: Connection was closed.
2021-Oct-16 10:59:21: Connecting to pools...
2021-Oct-16 10:59:27: Connected to pool: eth-eu1.nanopool.org:9433 | IP: 51.15.39.186 | ping: 271 ms.
2021-Oct-16 10:59:28: Connection was closed.
2021-Oct-16 10:59:28: Connecting to pools...
2021-Oct-16 10:59:34: Connected to pool: eth-jp1.nanopool.org:9433 | IP: 172.105.211.250 | ping: 35 ms.
2021-Oct-16 10:59:34: Connection was closed.
2021-Oct-16 10:59:34: Connecting to pools...
2021-Oct-16 10:59:40: Connected to pool: eth-asia1.nanopool.org:9433 | IP: 139.99.102.73 | ping: 67 ms.
2021-Oct-16 10:59:40: Connection was closed.
2021-Oct-16 10:59:40: Connecting to pools...
2021-Oct-16 10:59:46: Connected to pool: eth-us-west1.nanopool.org:9433 | IP: 104.238.180.207 | ping: 132 ms.
2021-Oct-16 10:59:47: Connection was closed.
2021-Oct-16 10:59:47: Connecting to pools...
2021-Oct-16 10:59:53: Connected to pool: eth-us-east1.nanopool.org:9433 | IP: 144.217.14.109 | ping: 192 ms.
2021-Oct-16 10:59:53: Connection was closed.
2021-Oct-16 10:59:53: Connecting to pools...
2021-Oct-16 11:00:00: Connected to pool: eth-au1.nanopool.org:9433 | IP: 139.99.156.30 | ping: 201 ms.
2021-Oct-16 11:00:00: Connection was closed.
2021-Oct-16 11:00:00: Connecting to pools...
2021-Oct-16 11:00:06: Connected to pool: eth-eu2.nanopool.org:9433 | IP: 51.15.67.17 | ping: 269 ms.
2021-Oct-16 11:00:06: Connection was closed.
2021-Oct-16 11:00:06: Connecting to pools...
2021-Oct-16 11:00:13: Connected to pool: eth-eu1.nanopool.org:9433 | IP: 213.32.74.230 | ping: 271 ms.
2021-Oct-16 11:00:13: Connection was closed.
2021-Oct-16 11:00:13: Connecting to pools...
2021-Oct-16 11:00:19: Connected to pool: eth-jp1.nanopool.org:9433 | IP: 139.162.112.195 | ping: 35 ms.
2021-Oct-16 11:00:20: Connection was closed.
2021-Oct-16 11:00:20: Connecting to pools...
2021-Oct-16 11:00:26: Connected to pool: eth-asia1.nanopool.org:9433 | IP: 139.99.102.74 | ping: 67 ms.
2021-Oct-16 11:00:26: Connection was closed.
2021-Oct-16 11:00:26: Connecting to pools...
2021-Oct-16 11:00:32: Connected to pool: eth-us-west1.nanopool.org:9433 | IP: 45.76.65.223 | ping: 132 ms.
2021-Oct-16 11:00:32: Connection was closed.
2021-Oct-16 11:00:32: Connecting to pools...
2021-Oct-16 11:00:39: Connected to pool: eth-us-east1.nanopool.org:9433 | IP: 142.44.243.6 | ping: 192 ms.
2021-Oct-16 11:00:39: Connection was closed.
2021-Oct-16 11:00:39: Connecting to pools...
2021-Oct-16 11:00:45: Connected to pool: eth-au1.nanopool.org:9433 | IP: 139.99.156.30 | ping: 201 ms.
2021-Oct-16 11:00:45: Connection was closed.
2021-Oct-16 11:00:45: Connecting to pools...
2021-Oct-16 11:00:52: Connected to pool: eth-eu2.nanopool.org:9433 | IP: 51.15.55.162 | ping: 269 ms.
2021-Oct-16 11:00:52: Connection was closed.
2021-Oct-16 11:00:52: Connecting to pools...
2021-Oct-16 11:01:00: Connected to pool: eth-eu1.nanopool.org:9433 | IP: 213.32.74.219 | ping: 271 ms.
2021-Oct-16 11:01:00: Connection was closed.
2021-Oct-16 11:01:00: Connecting to pools...
2021-Oct-16 11:01:06: Connected to pool: eth-jp1.nanopool.org:9433 | IP: 139.162.81.90 | ping: 35 ms.
2021-Oct-16 11:01:06: Connection was closed.
2021-Oct-16 11:01:06: Connecting to pools...
2021-Oct-16 11:01:12: Connected to pool: eth-asia1.nanopool.org:9433 | IP: 139.99.102.73 | ping: 67 ms.
2021-Oct-16 11:01:12: Connection was closed.
2021-Oct-16 11:01:12: Connecting to pools...
2021-Oct-16 11:01:18: Connected to pool: eth-us-west1.nanopool.org:9433 | IP: 45.32.71.82 | ping: 132 ms.
2021-Oct-16 11:01:19: Connection was closed.
2021-Oct-16 11:01:19: Connecting to pools...
2021-Oct-16 11:01:25: Connected to pool: eth-us-east1.nanopool.org:9433 | IP: 192.99.69.170 | ping: 192 ms.
2021-Oct-16 11:01:25: Connection was closed.
2021-Oct-16 11:01:25: Connecting to pools...
2021-Oct-16 11:01:32: Connected to pool: eth-au1.nanopool.org:9433 | IP: 139.99.156.30 | ping: 201 ms.
2021-Oct-16 11:01:32: Connection was closed.
2021-Oct-16 11:01:32: Connecting to pools...
2021-Oct-16 11:01:38: Connected to pool: eth-eu2.nanopool.org:9433 | IP: 213.32.74.157 | ping: 269 ms.
2021-Oct-16 11:01:39: Connection was closed.
2021-Oct-16 11:01:39: Connecting to pools...
2021-Oct-16 11:01:45: Connected to pool: eth-eu1.nanopool.org:9433 | IP: 163.172.162.51 | ping: 271 ms.
2021-Oct-16 11:01:45: Connection was closed.
2021-Oct-16 11:01:45: Connecting to pools...
2021-Oct-16 11:01:51: Connected to pool: eth-jp1.nanopool.org:9433 | IP: 139.162.112.195 | ping: 35 ms.
2021-Oct-16 11:01:51: Connection was closed.
2021-Oct-16 11:01:51: Connecting to pools...
2021-Oct-16 11:01:58: Connected to pool: eth-asia1.nanopool.org:9433 | IP: 139.99.102.70 | ping: 67 ms.
2021-Oct-16 11:01:58: Connection was closed.
2021-Oct-16 11:01:58: Connecting to pools...
2021-Oct-16 11:02:04: Connected to pool: eth-us-west1.nanopool.org:9433 | IP: 45.32.71.82 | ping: 132 ms.
2021-Oct-16 11:02:04: Connection was closed.
2021-Oct-16 11:02:04: Connecting to pools...
2021-Oct-16 11:02:10: Connected to pool: eth-us-east1.nanopool.org:9433 | IP: 142.44.242.100 | ping: 192 ms.
2021-Oct-16 11:02:11: Connection was closed.
2021-Oct-16 11:02:11: Connecting to pools...
2021-Oct-16 11:02:17: Connected to pool: eth-au1.nanopool.org:9433 | IP: 139.99.156.30 | ping: 201 ms.
2021-Oct-16 11:02:17: Connection was closed.
2021-Oct-16 11:02:17: Connecting to pools...
2021-Oct-16 11:02:24: Connected to pool: eth-eu2.nanopool.org:9433 | IP: 51.255.34.79 | ping: 269 ms.
2021-Oct-16 11:02:24: Connection was closed.
2021-Oct-16 11:02:24: Connecting to pools...
2021-Oct-16 11:02:30: Connected to pool: eth-eu1.nanopool.org:9433 | IP: 51.15.89.69 | ping: 271 ms.
2021-Oct-16 11:02:31: Connection was closed.
2021-Oct-16 11:02:31: Connecting to pools...
2021-Oct-16 11:02:37: Connected to pool: eth-jp1.nanopool.org:9433 | IP: 172.105.211.250 | ping: 35 ms.
2021-Oct-16 11:02:37: Connection was closed.
2021-Oct-16 11:02:37: Connecting to pools...
2021-Oct-16 11:02:43: Connected to pool: eth-asia1.nanopool.org:9433 | IP: 139.99.102.70 | ping: 67 ms.
2021-Oct-16 11:02:43: Connection was closed.
2021-Oct-16 11:02:43: Connecting to pools...
2021-Oct-16 11:02:49: Connected to pool: eth-us-west1.nanopool.org:9433 | IP: 104.238.180.207 | ping: 132 ms.
2021-Oct-16 11:02:49: Connection was closed.
2021-Oct-16 11:02:49: Connecting to pools...
2021-Oct-16 11:02:56: Connected to pool: eth-us-east1.nanopool.org:9433 | IP: 142.44.243.6 | ping: 192 ms.
2021-Oct-16 11:02:56: Connection was closed.
2021-Oct-16 11:02:56: Connecting to pools...
2021-Oct-16 11:03:02: Connected to pool: eth-au1.nanopool.org:9433 | IP: 139.99.156.30 | ping: 201 ms.
2021-Oct-16 11:03:03: Connection was closed.
2021-Oct-16 11:03:03: Connecting to pools...
2021-Oct-16 11:03:09: Connected to pool: eth-eu2.nanopool.org:9433 | IP: 151.80.144.188 | ping: 269 ms.
2021-Oct-16 11:03:09: Connection was closed.
2021-Oct-16 11:03:09: Connecting to pools...
2021-Oct-16 11:03:16: Connected to pool: eth-eu1.nanopool.org:9433 | IP: 213.32.74.219 | ping: 271 ms.
2021-Oct-16 11:03:16: Connection was closed.
2021-Oct-16 11:03:16: Connecting to pools...
2021-Oct-16 11:03:22: Connected to pool: eth-jp1.nanopool.org:9433 | IP: 172.105.211.250 | ping: 35 ms.
2021-Oct-16 11:03:22: Connection was closed.
2021-Oct-16 11:03:22: Connecting to pools...
2021-Oct-16 11:03:29: Connected to pool: eth-asia1.nanopool.org:9433 | IP: 139.99.102.71 | ping: 67 ms.
2021-Oct-16 11:03:29: Connection was closed.
2021-Oct-16 11:03:29: Connecting to pools...
2021-Oct-16 11:03:35: Connected to pool: eth-us-west1.nanopool.org:9433 | IP: 45.76.65.223 | ping: 132 ms.
2021-Oct-16 11:03:35: Connection was closed.
2021-Oct-16 11:03:35: Connecting to pools...
2021-Oct-16 11:03:41: Connected to pool: eth-us-east1.nanopool.org:9433 | IP: 142.44.243.6 | ping: 192 ms.
2021-Oct-16 11:03:42: Connection was closed.
2021-Oct-16 11:03:42: Connecting to pools...
2021-Oct-16 11:03:48: Connected to pool: eth-au1.nanopool.org:9433 | IP: 139.99.156.30 | ping: 201 ms.
2021-Oct-16 11:03:48: Connection was closed.
2021-Oct-16 11:03:48: Connecting to pools...
2021-Oct-16 11:03:55: Connected to pool: eth-eu2.nanopool.org:9433 | IP: 51.255.34.79 | ping: 269 ms.
2021-Oct-16 11:03:55: Connection was closed.
2021-Oct-16 11:03:55: Connecting to pools...
2021-Oct-16 11:04:02: Connected to pool: eth-eu1.nanopool.org:9433 | IP: 51.15.39.186 | ping: 271 ms.
2021-Oct-16 11:04:02: Connection was closed.
2021-Oct-16 11:04:02: Connecting to pools...
2021-Oct-16 11:04:08: Connected to pool: eth-jp1.nanopool.org:9433 | IP: 139.162.112.195 | ping: 35 ms.
2021-Oct-16 11:04:08: Connection was closed.
2021-Oct-16 11:04:08: Connecting to pools...
2021-Oct-16 11:04:14: Connected to pool: eth-asia1.nanopool.org:9433 | IP: 139.99.102.70 | ping: 67 ms.
2021-Oct-16 11:04:14: Connection was closed.
2021-Oct-16 11:04:14: Connecting to pools...
2021-Oct-16 11:04:20: Connected to pool: eth-us-west1.nanopool.org:9433 | IP: 45.76.65.223 | ping: 132 ms.
2021-Oct-16 11:04:20: Connection was closed.
2021-Oct-16 11:04:20: Connecting to pools...
2021-Oct-16 11:04:27: Connected to pool: eth-us-east1.nanopool.org:9433 | IP: 192.99.69.170 | ping: 192 ms.
2021-Oct-16 11:04:27: Connection was closed.
2021-Oct-16 11:04:27: Connecting to pools...
2021-Oct-16 11:04:33: Connected to pool: eth-au1.nanopool.org:9433 | IP: 139.99.156.30 | ping: 201 ms.
2021-Oct-16 11:04:34: Connection was closed.
2021-Oct-16 11:04:34: Connecting to pools...
2021-Oct-16 11:04:40: Connected to pool: eth-eu2.nanopool.org:9433 | IP: 51.15.67.17 | ping: 269 ms.
2021-Oct-16 11:04:40: Connection was closed.
2021-Oct-16 11:04:40: Connecting to pools...
2021-Oct-16 11:04:47: Connected to pool: eth-eu1.nanopool.org:9433 | IP: 51.15.89.69 | ping: 271 ms.
2021-Oct-16 11:04:47: Connection was closed.
2021-Oct-16 11:04:47: Connecting to pools...
2021-Oct-16 11:04:53: Connected to pool: eth-jp1.nanopool.org:9433 | IP: 139.162.112.195 | ping: 35 ms.
2021-Oct-16 11:04:53: Connection was closed.
2021-Oct-16 11:04:53: Connecting to pools...
2021-Oct-16 11:04:59: Connected to pool: eth-asia1.nanopool.org:9433 | IP: 139.99.102.72 | ping: 67 ms.
2021-Oct-16 11:04:59: Connection was closed.
2021-Oct-16 11:04:59: Connecting to pools...
2021-Oct-16 11:05:05: Connected to pool: eth-us-west1.nanopool.org:9433 | IP: 207.246.100.198 | ping: 132 ms.
2021-Oct-16 11:05:06: Connection was closed.
2021-Oct-16 11:05:06: Connecting to pools...
2021-Oct-16 11:05:12: Connected to pool: eth-us-east1.nanopool.org:9433 | IP: 192.99.69.170 | ping: 192 ms.
2021-Oct-16 11:05:12: Connection was closed.
2021-Oct-16 11:05:12: Connecting to pools...
2021-Oct-16 11:05:19: Connected to pool: eth-au1.nanopool.org:9433 | IP: 139.99.156.30 | ping: 201 ms.
2021-Oct-16 11:05:19: Connection was closed.
2021-Oct-16 11:05:19: Connecting to pools...
2021-Oct-16 11:05:25: Connected to pool: eth-eu2.nanopool.org:9433 | IP: 51.15.55.100 | ping: 269 ms.
2021-Oct-16 11:05:26: Connection was closed.
2021-Oct-16 11:05:26: Connecting to pools...
2021-Oct-16 11:05:32: Connected to pool: eth-eu1.nanopool.org:9433 | IP: 51.15.39.186 | ping: 271 ms.
2021-Oct-16 11:05:32: Connection was closed.
2021-Oct-16 11:05:32: Connecting to pools...
2021-Oct-16 11:05:38: Connected to pool: eth-jp1.nanopool.org:9433 | IP: 139.162.81.90 | ping: 35 ms.
2021-Oct-16 11:05:38: Connection was closed.
2021-Oct-16 11:05:38: Connecting to pools...
2021-Oct-16 11:05:44: Connected to pool: eth-asia1.nanopool.org:9433 | IP: 139.99.101.197 | ping: 67 ms.
2021-Oct-16 11:05:44: Connection was closed.
2021-Oct-16 11:05:44: Connecting to pools...
2021-Oct-16 11:05:51: Connected to pool: eth-us-west1.nanopool.org:9433 | IP: 66.42.105.146 | ping: 132 ms.
2021-Oct-16 11:05:51: Connection was closed.
2021-Oct-16 11:05:51: Connecting to pools...
2021-Oct-16 11:05:57: Connected to pool: eth-us-east1.nanopool.org:9433 | IP: 142.44.243.6 | ping: 192 ms.
2021-Oct-16 11:05:57: Connection was closed.
2021-Oct-16 11:05:57: Connecting to pools...
2021-Oct-16 11:06:04: Connected to pool: eth-au1.nanopool.org:9433 | IP: 139.99.156.30 | ping: 201 ms.
2021-Oct-16 11:06:04: Connection was closed.
2021-Oct-16 11:06:04: Connecting to pools...
2021-Oct-16 11:06:11: Connected to pool: eth-eu2.nanopool.org:9433 | IP: 151.80.144.188 | ping: 269 ms.
2021-Oct-16 11:06:11: Connection was closed.
2021-Oct-16 11:06:11: Connecting to pools...
2021-Oct-16 11:06:17: Connected to pool: eth-eu1.nanopool.org:9433 | IP: 213.32.74.219 | ping: 271 ms.
2021-Oct-16 11:06:18: Connection was closed.
2021-Oct-16 11:06:18: Connecting to pools...
2021-Oct-16 11:06:24: Connected to pool: eth-jp1.nanopool.org:9433 | IP: 139.162.81.90 | ping: 35 ms.
2021-Oct-16 11:06:24: Connection was closed.
2021-Oct-16 11:06:24: Connecting to pools...
2021-Oct-16 11:06:30: Connected to pool: eth-asia1.nanopool.org:9433 | IP: 139.99.102.74 | ping: 67 ms.
2021-Oct-16 11:06:30: Connection was closed.
2021-Oct-16 11:06:30: Connecting to pools...
2021-Oct-16 11:06:36: Connected to pool: eth-us-west1.nanopool.org:9433 | IP: 45.32.71.82 | ping: 132 ms.
2021-Oct-16 11:06:36: Connection was closed.
2021-Oct-16 11:06:36: Connecting to pools...
2021-Oct-16 11:06:43: Connected to pool: eth-us-east1.nanopool.org:9433 | IP: 144.217.14.139 | ping: 192 ms.
2021-Oct-16 11:06:43: Connection was closed.
2021-Oct-16 11:06:43: Connecting to pools...
2021-Oct-16 11:06:50: Connected to pool: eth-au1.nanopool.org:9433 | IP: 139.99.156.30 | ping: 201 ms.
2021-Oct-16 11:06:50: Connection was closed.
2021-Oct-16 11:06:50: Connecting to pools...
2021-Oct-16 11:06:56: Connected to pool: eth-eu2.nanopool.org:9433 | IP: 51.15.67.17 | ping: 269 ms.
2021-Oct-16 11:06:56: Connection was closed.
2021-Oct-16 11:06:56: Connecting to pools...
2021-Oct-16 11:07:03: Connected to pool: eth-eu1.nanopool.org:9433 | IP: 163.172.162.51 | ping: 271 ms.
2021-Oct-16 11:07:03: Connection was closed.
2021-Oct-16 11:07:03: Connecting to pools...
2021-Oct-16 11:07:09: Connected to pool: eth-jp1.nanopool.org:9433 | IP: 139.162.81.90 | ping: 35 ms.
2021-Oct-16 11:07:09: Connection was closed.
2021-Oct-16 11:07:09: Connecting to pools...
2021-Oct-16 11:07:15: Connected to pool: eth-asia1.nanopool.org:9433 | IP: 139.99.102.72 | ping: 67 ms.
2021-Oct-16 11:07:15: Connection was closed.
2021-Oct-16 11:07:15: Connecting to pools...
2021-Oct-16 11:07:22: Connected to pool: eth-us-west1.nanopool.org:9433 | IP: 207.246.100.198 | ping: 132 ms.
2021-Oct-16 11:07:22: Connection was closed.
2021-Oct-16 11:07:22: Connecting to pools...
2021-Oct-16 11:07:28: Connected to pool: eth-us-east1.nanopool.org:9433 | IP: 144.217.14.139 | ping: 192 ms.
2021-Oct-16 11:07:28: Connection was closed.
2021-Oct-16 11:07:28: Connecting to pools...
2021-Oct-16 11:07:35: Connected to pool: eth-au1.nanopool.org:9433 | IP: 139.99.156.30 | ping: 201 ms.
2021-Oct-16 11:07:35: Connection was closed.
2021-Oct-16 11:07:35: Connecting to pools...
2021-Oct-16 11:07:41: Connected to pool: eth-eu2.nanopool.org:9433 | IP: 51.255.34.80 | ping: 269 ms.
