2021-Oct-16 00:38:18:                                    _                 
2021-Oct-16 00:38:18:  _ __   __ _ _ __   ___  _ __ ___ (_)_ __   ___ _ __ 
2021-Oct-16 00:38:18: | '_ \ / _` | '_ \ / _ \| '_ ` _ \| | '_ \ / _ \ '__|
2021-Oct-16 00:38:18: | | | | (_| | | | | (_) | | | | | | | | | |  __/ |   
2021-Oct-16 00:38:18: |_| |_|\__,_|_| |_|\___/|_| |_| |_|_|_| |_|\___|_|   
2021-Oct-16 00:38:18: 
2021-Oct-16 00:38:18: Version 3.3.13
2021-Oct-16 00:38:18: Started EthMan server on port 3333 without a password (read-only mode).
2021-Oct-16 00:38:18: Started web interface on port 9090 without a password.
2021-Oct-16 00:38:18: CUDA driver version is 11.0, runtime version is 10.0
2021-Oct-16 00:38:18: Single device detected
2021-Oct-16 00:38:18: GPU 0 PCI 65:00.0, Platform: CUDA, Name: GeForce GTX 1070, 8116 MB available
2021-Oct-16 00:38:18: -------------------Ethash:------------------
2021-Oct-16 00:38:18: Currency: Ethereum
2021-Oct-16 00:38:18: Wallet: 0xe4aa3bfec6d4e205df1e8b19263b587424484fad
2021-Oct-16 00:38:18: Rig name: Rig001
2021-Oct-16 00:38:18: Email: kevin19930919@gmail.com
2021-Oct-16 00:38:18: Hashrate threshold to restart miner is not set
2021-Oct-16 00:38:18: Number of rejected shares per hour to restart miner is not set
2021-Oct-16 00:38:18: Added pool: eth-jp1.nanopool.org:9433
2021-Oct-16 00:38:18: Added pool: eth-asia1.nanopool.org:9433
2021-Oct-16 00:38:18: Added pool: eth-us-west1.nanopool.org:9433
2021-Oct-16 00:38:18: Added pool: eth-us-east1.nanopool.org:9433
2021-Oct-16 00:38:18: Added pool: eth-au1.nanopool.org:9433
2021-Oct-16 00:38:18: Added pool: eth-eu1.nanopool.org:9433
2021-Oct-16 00:38:18: Added pool: eth-eu2.nanopool.org:9433
2021-Oct-16 00:38:18: Auto pool sorting is enabled
2021-Oct-16 00:38:18: Using all GPU devices
2021-Oct-16 00:38:18: Memory tweak: 1
2021-Oct-16 00:38:18: -------------Common parameters:-------------
2021-Oct-16 00:38:18: Log path: ./logs/
2021-Oct-16 00:38:18: Log is written to file
2021-Oct-16 00:38:18: GPU watchdog is enabled
2021-Oct-16 00:38:18: Never calling reboot.sh (always restarting the miner in case of errors). 
2021-Oct-16 00:38:18: Setting up algorithm: Ethash
2021-Oct-16 00:38:19: Connecting to pools...
2021-Oct-16 00:38:25: Connected to pool: eth-jp1.nanopool.org:9433 | IP: 172.105.211.250 | ping: 37 ms.
2021-Oct-16 00:38:25: Ethereum: trying to use "stratum" mining protocol... to disable this behaviour, specify: protocol=JSON-RPC
2021-Oct-16 00:38:31: Ethereum: trying to use "stratum" mining protocol... to disable this behaviour, specify: protocol=JSON-RPC
2021-Oct-16 00:38:37: Ethereum: trying to use "stratum" mining protocol... to disable this behaviour, specify: protocol=JSON-RPC
2021-Oct-16 00:38:43: Ethereum: trying to use "stratum" mining protocol... to disable this behaviour, specify: protocol=JSON-RPC
2021-Oct-16 00:38:49: Ethereum: trying to use "stratum" mining protocol... to disable this behaviour, specify: protocol=JSON-RPC
2021-Oct-16 00:38:56: Ethereum: trying to use "stratum" mining protocol... to disable this behaviour, specify: protocol=JSON-RPC
2021-Oct-16 00:39:02: Ethereum: trying to use "stratum" mining protocol... to disable this behaviour, specify: protocol=JSON-RPC
2021-Oct-16 00:39:08: Ethereum: trying to use "stratum" mining protocol... to disable this behaviour, specify: protocol=JSON-RPC
2021-Oct-16 00:39:14: Ethereum: trying to use "stratum" mining protocol... to disable this behaviour, specify: protocol=JSON-RPC
2021-Oct-16 00:39:20: Ethereum: trying to use "stratum" mining protocol... to disable this behaviour, specify: protocol=JSON-RPC
2021-Oct-16 00:39:26: Ethereum: trying to use "stratum" mining protocol... to disable this behaviour, specify: protocol=JSON-RPC
2021-Oct-16 00:39:32: Ethereum: trying to use "stratum" mining protocol... to disable this behaviour, specify: protocol=JSON-RPC
2021-Oct-16 00:39:39: Ethereum: trying to use "stratum" mining protocol... to disable this behaviour, specify: protocol=JSON-RPC
2021-Oct-16 00:39:46: Ethereum: trying to use "stratum" mining protocol... to disable this behaviour, specify: protocol=JSON-RPC
2021-Oct-16 00:39:52: Ethereum: trying to use "stratum" mining protocol... to disable this behaviour, specify: protocol=JSON-RPC
2021-Oct-16 00:39:58: Ethereum: trying to use "stratum" mining protocol... to disable this behaviour, specify: protocol=JSON-RPC
2021-Oct-16 00:40:04: Ethereum: trying to use "stratum" mining protocol... to disable this behaviour, specify: protocol=JSON-RPC
2021-Oct-16 00:40:10: Ethereum: trying to use "stratum" mining protocol... to disable this behaviour, specify: protocol=JSON-RPC
2021-Oct-16 00:40:16: Ethereum: trying to use "stratum" mining protocol... to disable this behaviour, specify: protocol=JSON-RPC
2021-Oct-16 00:40:23: Ethereum: trying to use "stratum" mining protocol... to disable this behaviour, specify: protocol=JSON-RPC
2021-Oct-16 00:40:29: Ethereum: trying to use "stratum" mining protocol... to disable this behaviour, specify: protocol=JSON-RPC
2021-Oct-16 00:40:35: Ethereum: trying to use "stratum" mining protocol... to disable this behaviour, specify: protocol=JSON-RPC
2021-Oct-16 00:40:41: Ethereum: trying to use "stratum" mining protocol... to disable this behaviour, specify: protocol=JSON-RPC
2021-Oct-16 00:40:47: Ethereum: trying to use "stratum" mining protocol... to disable this behaviour, specify: protocol=JSON-RPC
2021-Oct-16 00:40:53: Ethereum: trying to use "stratum" mining protocol... to disable this behaviour, specify: protocol=JSON-RPC
2021-Oct-16 00:40:59: Ethereum: trying to use "stratum" mining protocol... to disable this behaviour, specify: protocol=JSON-RPC
2021-Oct-16 00:41:05: Ethereum: trying to use "stratum" mining protocol... to disable this behaviour, specify: protocol=JSON-RPC
2021-Oct-16 00:41:12: Ethereum: trying to use "stratum" mining protocol... to disable this behaviour, specify: protocol=JSON-RPC
2021-Oct-16 00:41:18: Ethereum: trying to use "stratum" mining protocol... to disable this behaviour, specify: protocol=JSON-RPC
2021-Oct-16 00:41:24: Ethereum: trying to use "stratum" mining protocol... to disable this behaviour, specify: protocol=JSON-RPC
2021-Oct-16 00:41:30: Ethereum: trying to use "stratum" mining protocol... to disable this behaviour, specify: protocol=JSON-RPC
2021-Oct-16 00:41:36: Ethereum: trying to use "stratum" mining protocol... to disable this behaviour, specify: protocol=JSON-RPC
2021-Oct-16 00:41:42: Ethereum: trying to use "stratum" mining protocol... to disable this behaviour, specify: protocol=JSON-RPC
2021-Oct-16 00:41:48: Ethereum: trying to use "stratum" mining protocol... to disable this behaviour, specify: protocol=JSON-RPC
2021-Oct-16 00:41:54: Ethereum: trying to use "stratum" mining protocol... to disable this behaviour, specify: protocol=JSON-RPC
2021-Oct-16 00:42:01: Ethereum: trying to use "stratum" mining protocol... to disable this behaviour, specify: protocol=JSON-RPC
2021-Oct-16 00:42:07: Ethereum: trying to use "stratum" mining protocol... to disable this behaviour, specify: protocol=JSON-RPC
2021-Oct-16 00:42:13: Ethereum: trying to use "stratum" mining protocol... to disable this behaviour, specify: protocol=JSON-RPC
2021-Oct-16 00:42:19: There were no new jobs in the past four minutes. Stopping mining.
2021-Oct-16 00:42:19: Ethereum: trying to use "stratum" mining protocol... to disable this behaviour, specify: protocol=JSON-RPC
2021-Oct-16 00:42:25: Ethereum: trying to use "stratum" mining protocol... to disable this behaviour, specify: protocol=JSON-RPC
2021-Oct-16 00:42:31: Ethereum: trying to use "stratum" mining protocol... to disable this behaviour, specify: protocol=JSON-RPC
2021-Oct-16 00:42:37: Ethereum: trying to use "stratum" mining protocol... to disable this behaviour, specify: protocol=JSON-RPC
2021-Oct-16 00:42:43: Ethereum: trying to use "stratum" mining protocol... to disable this behaviour, specify: protocol=JSON-RPC
2021-Oct-16 00:42:50: Ethereum: trying to use "stratum" mining protocol... to disable this behaviour, specify: protocol=JSON-RPC
2021-Oct-16 00:42:56: Ethereum: trying to use "stratum" mining protocol... to disable this behaviour, specify: protocol=JSON-RPC
2021-Oct-16 00:43:02: Ethereum: trying to use "stratum" mining protocol... to disable this behaviour, specify: protocol=JSON-RPC
2021-Oct-16 00:43:08: Ethereum: trying to use "stratum" mining protocol... to disable this behaviour, specify: protocol=JSON-RPC
2021-Oct-16 00:43:14: Ethereum: trying to use "stratum" mining protocol... to disable this behaviour, specify: protocol=JSON-RPC
2021-Oct-16 00:43:20: Ethereum: trying to use "stratum" mining protocol... to disable this behaviour, specify: protocol=JSON-RPC
2021-Oct-16 00:43:26: Ethereum: trying to use "stratum" mining protocol... to disable this behaviour, specify: protocol=JSON-RPC
2021-Oct-16 00:43:32: Ethereum: trying to use "stratum" mining protocol... to disable this behaviour, specify: protocol=JSON-RPC
2021-Oct-16 00:43:38: Ethereum: trying to use "stratum" mining protocol... to disable this behaviour, specify: protocol=JSON-RPC
2021-Oct-16 00:43:45: Ethereum: trying to use "stratum" mining protocol... to disable this behaviour, specify: protocol=JSON-RPC
2021-Oct-16 00:43:51: Ethereum: trying to use "stratum" mining protocol... to disable this behaviour, specify: protocol=JSON-RPC
2021-Oct-16 00:43:57: Ethereum: trying to use "stratum" mining protocol... to disable this behaviour, specify: protocol=JSON-RPC
2021-Oct-16 00:44:03: Ethereum: trying to use "stratum" mining protocol... to disable this behaviour, specify: protocol=JSON-RPC
2021-Oct-16 00:44:09: Ethereum: trying to use "stratum" mining protocol... to disable this behaviour, specify: protocol=JSON-RPC
2021-Oct-16 00:44:15: Ethereum: trying to use "stratum" mining protocol... to disable this behaviour, specify: protocol=JSON-RPC
2021-Oct-16 00:44:21: Ethereum: trying to use "stratum" mining protocol... to disable this behaviour, specify: protocol=JSON-RPC
2021-Oct-16 00:44:27: Ethereum: trying to use "stratum" mining protocol... to disable this behaviour, specify: protocol=JSON-RPC
2021-Oct-16 00:44:34: Ethereum: trying to use "stratum" mining protocol... to disable this behaviour, specify: protocol=JSON-RPC
2021-Oct-16 00:44:40: Ethereum: trying to use "stratum" mining protocol... to disable this behaviour, specify: protocol=JSON-RPC
2021-Oct-16 00:44:46: Ethereum: trying to use "stratum" mining protocol... to disable this behaviour, specify: protocol=JSON-RPC
2021-Oct-16 00:44:52: Ethereum: trying to use "stratum" mining protocol... to disable this behaviour, specify: protocol=JSON-RPC
2021-Oct-16 00:44:58: Ethereum: trying to use "stratum" mining protocol... to disable this behaviour, specify: protocol=JSON-RPC
2021-Oct-16 00:45:04: Ethereum: trying to use "stratum" mining protocol... to disable this behaviour, specify: protocol=JSON-RPC
2021-Oct-16 00:45:10: Ethereum: trying to use "stratum" mining protocol... to disable this behaviour, specify: protocol=JSON-RPC
2021-Oct-16 00:45:16: Ethereum: trying to use "stratum" mining protocol... to disable this behaviour, specify: protocol=JSON-RPC
2021-Oct-16 00:45:23: Ethereum: trying to use "stratum" mining protocol... to disable this behaviour, specify: protocol=JSON-RPC
2021-Oct-16 00:45:29: Ethereum: trying to use "stratum" mining protocol... to disable this behaviour, specify: protocol=JSON-RPC
2021-Oct-16 00:45:35: Ethereum: trying to use "stratum" mining protocol... to disable this behaviour, specify: protocol=JSON-RPC
2021-Oct-16 00:45:41: Ethereum: trying to use "stratum" mining protocol... to disable this behaviour, specify: protocol=JSON-RPC
2021-Oct-16 00:45:47: Ethereum: trying to use "stratum" mining protocol... to disable this behaviour, specify: protocol=JSON-RPC
2021-Oct-16 00:45:53: Ethereum: trying to use "stratum" mining protocol... to disable this behaviour, specify: protocol=JSON-RPC
2021-Oct-16 00:45:59: Ethereum: trying to use "stratum" mining protocol... to disable this behaviour, specify: protocol=JSON-RPC
2021-Oct-16 00:46:05: Ethereum: trying to use "stratum" mining protocol... to disable this behaviour, specify: protocol=JSON-RPC
2021-Oct-16 00:46:12: Ethereum: trying to use "stratum" mining protocol... to disable this behaviour, specify: protocol=JSON-RPC
2021-Oct-16 00:46:18: Ethereum: trying to use "stratum" mining protocol... to disable this behaviour, specify: protocol=JSON-RPC
2021-Oct-16 00:46:24: Ethereum: trying to use "stratum" mining protocol... to disable this behaviour, specify: protocol=JSON-RPC
2021-Oct-16 00:46:30: Ethereum: trying to use "stratum" mining protocol... to disable this behaviour, specify: protocol=JSON-RPC
2021-Oct-16 00:46:36: Ethereum: trying to use "stratum" mining protocol... to disable this behaviour, specify: protocol=JSON-RPC
2021-Oct-16 00:46:42: Ethereum: trying to use "stratum" mining protocol... to disable this behaviour, specify: protocol=JSON-RPC
2021-Oct-16 00:46:48: Ethereum: trying to use "stratum" mining protocol... to disable this behaviour, specify: protocol=JSON-RPC
2021-Oct-16 00:46:54: Ethereum: trying to use "stratum" mining protocol... to disable this behaviour, specify: protocol=JSON-RPC
2021-Oct-16 00:47:00: Ethereum: trying to use "stratum" mining protocol... to disable this behaviour, specify: protocol=JSON-RPC
2021-Oct-16 00:47:07: Ethereum: trying to use "stratum" mining protocol... to disable this behaviour, specify: protocol=JSON-RPC
2021-Oct-16 00:47:13: Ethereum: trying to use "stratum" mining protocol... to disable this behaviour, specify: protocol=JSON-RPC
2021-Oct-16 00:47:19: Ethereum: trying to use "stratum" mining protocol... to disable this behaviour, specify: protocol=JSON-RPC
2021-Oct-16 00:47:25: Ethereum: trying to use "stratum" mining protocol... to disable this behaviour, specify: protocol=JSON-RPC
2021-Oct-16 00:47:31: Ethereum: trying to use "stratum" mining protocol... to disable this behaviour, specify: protocol=JSON-RPC
2021-Oct-16 00:47:37: Ethereum: trying to use "stratum" mining protocol... to disable this behaviour, specify: protocol=JSON-RPC
2021-Oct-16 00:47:43: Ethereum: trying to use "stratum" mining protocol... to disable this behaviour, specify: protocol=JSON-RPC
2021-Oct-16 00:47:49: Ethereum: trying to use "stratum" mining protocol... to disable this behaviour, specify: protocol=JSON-RPC
2021-Oct-16 00:47:56: Ethereum: trying to use "stratum" mining protocol... to disable this behaviour, specify: protocol=JSON-RPC
2021-Oct-16 00:48:02: Ethereum: trying to use "stratum" mining protocol... to disable this behaviour, specify: protocol=JSON-RPC
2021-Oct-16 00:48:08: Ethereum: trying to use "stratum" mining protocol... to disable this behaviour, specify: protocol=JSON-RPC
2021-Oct-16 00:48:14: Ethereum: trying to use "stratum" mining protocol... to disable this behaviour, specify: protocol=JSON-RPC
2021-Oct-16 00:48:20: Ethereum: trying to use "stratum" mining protocol... to disable this behaviour, specify: protocol=JSON-RPC
2021-Oct-16 00:48:26: Ethereum: trying to use "stratum" mining protocol... to disable this behaviour, specify: protocol=JSON-RPC
2021-Oct-16 00:48:32: Ethereum: trying to use "stratum" mining protocol... to disable this behaviour, specify: protocol=JSON-RPC
2021-Oct-16 00:48:38: Ethereum: trying to use "stratum" mining protocol... to disable this behaviour, specify: protocol=JSON-RPC
2021-Oct-16 00:48:45: Ethereum: trying to use "stratum" mining protocol... to disable this behaviour, specify: protocol=JSON-RPC
2021-Oct-16 00:48:51: Ethereum: trying to use "stratum" mining protocol... to disable this behaviour, specify: protocol=JSON-RPC
2021-Oct-16 00:48:57: Ethereum: trying to use "stratum" mining protocol... to disable this behaviour, specify: protocol=JSON-RPC
2021-Oct-16 00:49:03: Ethereum: trying to use "stratum" mining protocol... to disable this behaviour, specify: protocol=JSON-RPC
2021-Oct-16 00:49:09: Ethereum: trying to use "stratum" mining protocol... to disable this behaviour, specify: protocol=JSON-RPC
2021-Oct-16 00:49:15: Ethereum: trying to use "stratum" mining protocol... to disable this behaviour, specify: protocol=JSON-RPC
2021-Oct-16 00:49:21: Ethereum: trying to use "stratum" mining protocol... to disable this behaviour, specify: protocol=JSON-RPC
2021-Oct-16 00:49:27: Ethereum: trying to use "stratum" mining protocol... to disable this behaviour, specify: protocol=JSON-RPC
2021-Oct-16 00:49:33: Ethereum: trying to use "stratum" mining protocol... to disable this behaviour, specify: protocol=JSON-RPC
2021-Oct-16 00:49:39: Ethereum: trying to use "stratum" mining protocol... to disable this behaviour, specify: protocol=JSON-RPC
2021-Oct-16 00:49:46: Ethereum: trying to use "stratum" mining protocol... to disable this behaviour, specify: protocol=JSON-RPC
2021-Oct-16 00:49:52: Ethereum: trying to use "stratum" mining protocol... to disable this behaviour, specify: protocol=JSON-RPC
2021-Oct-16 00:49:58: Ethereum: trying to use "stratum" mining protocol... to disable this behaviour, specify: protocol=JSON-RPC
2021-Oct-16 00:50:04: Ethereum: trying to use "stratum" mining protocol... to disable this behaviour, specify: protocol=JSON-RPC
2021-Oct-16 00:50:10: Ethereum: trying to use "stratum" mining protocol... to disable this behaviour, specify: protocol=JSON-RPC
2021-Oct-16 00:50:16: Ethereum: trying to use "stratum" mining protocol... to disable this behaviour, specify: protocol=JSON-RPC
2021-Oct-16 00:50:22: Ethereum: trying to use "stratum" mining protocol... to disable this behaviour, specify: protocol=JSON-RPC
2021-Oct-16 00:50:28: Ethereum: trying to use "stratum" mining protocol... to disable this behaviour, specify: protocol=JSON-RPC
2021-Oct-16 00:50:35: Ethereum: trying to use "stratum" mining protocol... to disable this behaviour, specify: protocol=JSON-RPC
2021-Oct-16 00:50:41: Ethereum: trying to use "stratum" mining protocol... to disable this behaviour, specify: protocol=JSON-RPC
2021-Oct-16 00:50:47: Ethereum: trying to use "stratum" mining protocol... to disable this behaviour, specify: protocol=JSON-RPC
2021-Oct-16 00:50:53: Ethereum: trying to use "stratum" mining protocol... to disable this behaviour, specify: protocol=JSON-RPC
2021-Oct-16 00:50:59: Ethereum: trying to use "stratum" mining protocol... to disable this behaviour, specify: protocol=JSON-RPC
2021-Oct-16 00:51:05: Ethereum: trying to use "stratum" mining protocol... to disable this behaviour, specify: protocol=JSON-RPC
2021-Oct-16 00:51:11: Ethereum: trying to use "stratum" mining protocol... to disable this behaviour, specify: protocol=JSON-RPC
2021-Oct-16 00:51:17: Ethereum: trying to use "stratum" mining protocol... to disable this behaviour, specify: protocol=JSON-RPC
2021-Oct-16 00:51:23: Ethereum: trying to use "stratum" mining protocol... to disable this behaviour, specify: protocol=JSON-RPC
2021-Oct-16 00:51:29: [Ethash] ~~~~~~ DevFee begin ~~~~~~
2021-Oct-16 00:51:37: New job from commission host
2021-Oct-16 00:51:37: Ethereum - Total speed: 0.000 H/s, Total shares: 0 Rejected: 0, Time: 13:19
2021-Oct-16 00:51:37: GPU0 t=31°C fan 27% power 7.71W. Total power: 7.71W
2021-Oct-16 00:51:37: New job from commission host
2021-Oct-16 00:51:37: Ethereum - Total speed: 0.000 H/s, Total shares: 0 Rejected: 0, Time: 13:19
2021-Oct-16 00:51:37: Ethereum last 10 min - Total: 0.000 H/s.
2021-Oct-16 00:51:37: New job from commission host
2021-Oct-16 00:51:37: Ethereum - Total speed: 0.000 H/s, Total shares: 0 Rejected: 0, Time: 13:19
2021-Oct-16 00:51:37: GPU0 t=31°C fan 27% power 8.10W. Total power: 8.10W
2021-Oct-16 00:51:40: New job from commission host
2021-Oct-16 00:51:40: Ethereum - Total speed: 0.000 H/s, Total shares: 0 Rejected: 0, Time: 13:22
2021-Oct-16 00:51:40: New job from commission host
2021-Oct-16 00:51:40: Ethereum - Total speed: 0.000 H/s, Total shares: 0 Rejected: 0, Time: 13:22
2021-Oct-16 00:51:40: GPU0 t=33°C fan 27% power 94.43W. Total power: 94.43W
2021-Oct-16 00:51:44: New job from commission host
2021-Oct-16 00:51:44: Ethereum - Total speed: 0.000 H/s, Total shares: 0 Rejected: 0, Time: 13:26
2021-Oct-16 00:51:44: Ethereum last 10 min - Total: 0.000 H/s.
2021-Oct-16 00:51:45: New job from commission host
2021-Oct-16 00:51:45: Ethereum - Total speed: 0.000 H/s, Total shares: 0 Rejected: 0, Time: 13:26
2021-Oct-16 00:51:45: GPU0 t=40°C fan 27% power 108.06W. Total power: 108.06W
2021-Oct-16 00:51:46: New job from commission host
2021-Oct-16 00:51:46: Ethereum - Total speed: 0.000 H/s, Total shares: 0 Rejected: 0, Time: 13:28
2021-Oct-16 00:51:49: New job from commission host
2021-Oct-16 00:51:49: Ethereum - Total speed: 0.000 H/s, Total shares: 0 Rejected: 0, Time: 13:31
2021-Oct-16 00:51:49: GPU0 t=42°C fan 27% power 110.98W. Total power: 110.98W
2021-Oct-16 00:51:52: GPU0: 4599 MB DAG generated in 11.95 seconds
2021-Oct-16 00:51:53: New job from commission host
2021-Oct-16 00:51:53: Ethereum - Total speed: 24.685 MH/s, Total shares: 0 Rejected: 0, Time: 13:34
2021-Oct-16 00:51:53: Ethereum last 10 min - Total: 24.685 MH/s.
2021-Oct-16 00:51:56: New job from commission host
2021-Oct-16 00:51:56: Ethereum - Total speed: 24.687 MH/s, Total shares: 0 Rejected: 0, Time: 13:37
2021-Oct-16 00:51:56: GPU0 t=46°C fan 27% power 125.82W. Total power: 125.82W
2021-Oct-16 00:51:58: New job from commission host
2021-Oct-16 00:51:58: Ethereum - Total speed: 24.689 MH/s, Total shares: 0 Rejected: 0, Time: 13:40
2021-Oct-16 00:52:02: New job from commission host
2021-Oct-16 00:52:02: Ethereum - Total speed: 24.687 MH/s, Total shares: 0 Rejected: 0, Time: 13:43
2021-Oct-16 00:52:02: GPU0 t=48°C fan 28% power 124.07W. Total power: 124.07W
2021-Oct-16 00:52:04: New job from commission host
2021-Oct-16 00:52:04: Ethereum - Total speed: 24.676 MH/s, Total shares: 0 Rejected: 0, Time: 13:46
2021-Oct-16 00:52:04: Ethereum last 10 min - Total: 24.686 MH/s.
2021-Oct-16 00:52:07: New job from commission host
2021-Oct-16 00:52:07: Ethereum - Total speed: 24.668 MH/s, Total shares: 0 Rejected: 0, Time: 13:49
2021-Oct-16 00:52:07: GPU0 t=50°C fan 30% power 124.70W. Total power: 124.70W
2021-Oct-16 00:52:10: New job from commission host
2021-Oct-16 00:52:11: Ethereum - Total speed: 24.660 MH/s, Total shares: 0 Rejected: 0, Time: 13:52
2021-Oct-16 00:52:15: New job from commission host
2021-Oct-16 00:52:15: Ethereum - Total speed: 24.653 MH/s, Total shares: 0 Rejected: 0, Time: 13:56
2021-Oct-16 00:52:15: GPU0 t=53°C fan 32% power 128.25W. Total power: 128.25W
2021-Oct-16 00:52:16: New job from commission host
2021-Oct-16 00:52:16: Ethereum - Total speed: 24.646 MH/s, Total shares: 0 Rejected: 0, Time: 13:58
2021-Oct-16 00:52:16: Ethereum last 10 min - Total: 24.674 MH/s.
2021-Oct-16 00:52:19: New job from commission host
2021-Oct-16 00:52:19: Ethereum - Total speed: 24.635 MH/s, Total shares: 0 Rejected: 0, Time: 14:01
2021-Oct-16 00:52:19: GPU0 t=54°C fan 33% power 128.83W. Total power: 128.83W
2021-Oct-16 00:52:21: New job from commission host
2021-Oct-16 00:52:21: Ethereum - Total speed: 24.628 MH/s, Total shares: 0 Rejected: 0, Time: 14:03
2021-Oct-16 00:52:21: New job from commission host
2021-Oct-16 00:52:21: Ethereum - Total speed: 24.621 MH/s, Total shares: 0 Rejected: 0, Time: 14:03
2021-Oct-16 00:52:21: GPU0 t=55°C fan 33% power 129.08W. Total power: 129.08W
2021-Oct-16 00:52:24: New job from commission host
2021-Oct-16 00:52:24: Ethereum - Total speed: 24.616 MH/s, Total shares: 0 Rejected: 0, Time: 14:06
2021-Oct-16 00:52:24: Ethereum last 10 min - Total: 24.663 MH/s.
2021-Oct-16 00:52:24: New job from commission host
2021-Oct-16 00:52:24: Ethereum - Total speed: 24.612 MH/s, Total shares: 0 Rejected: 0, Time: 14:06
2021-Oct-16 00:52:24: GPU0 t=56°C fan 34% power 129.61W. Total power: 129.61W
2021-Oct-16 00:52:25: New job from commission host
2021-Oct-16 00:52:25: Ethereum - Total speed: 24.608 MH/s, Total shares: 0 Rejected: 0, Time: 14:06
2021-Oct-16 00:52:28: New job from commission host
2021-Oct-16 00:52:28: Ethereum - Total speed: 24.604 MH/s, Total shares: 0 Rejected: 0, Time: 14:10
2021-Oct-16 00:52:28: GPU0 t=56°C fan 35% power 125.82W. Total power: 125.82W
2021-Oct-16 00:52:30: New job from commission host
2021-Oct-16 00:52:30: Ethereum - Total speed: 24.591 MH/s, Total shares: 0 Rejected: 0, Time: 14:12
2021-Oct-16 00:52:30: Ethereum last 10 min - Total: 24.653 MH/s.
2021-Oct-16 00:52:34: New job from commission host
2021-Oct-16 00:52:34: Ethereum - Total speed: 24.569 MH/s, Total shares: 0 Rejected: 0, Time: 14:16
2021-Oct-16 00:52:34: GPU0 t=58°C fan 36% power 126.16W. Total power: 126.16W
2021-Oct-16 00:52:37: New job from commission host
2021-Oct-16 00:52:37: Ethereum - Total speed: 24.548 MH/s, Total shares: 0 Rejected: 0, Time: 14:18
2021-Oct-16 00:52:41: [Ethash] ~~~~~~ DevFee end ~~~~~~
2021-Oct-16 00:52:47: Connection was closed.
2021-Oct-16 00:52:47: Connecting to pools...
2021-Oct-16 00:52:53: Connected to pool: eth-asia1.nanopool.org:9433 | IP: 103.3.62.64 | ping: 65 ms.
2021-Oct-16 00:52:53: Connection was closed.
2021-Oct-16 00:52:53: Connecting to pools...
2021-Oct-16 00:53:00: Connected to pool: eth-us-west1.nanopool.org:9433 | IP: 45.32.71.82 | ping: 138 ms.
2021-Oct-16 00:53:00: Connection was closed.
2021-Oct-16 00:53:00: Connecting to pools...
2021-Oct-16 00:53:06: Connected to pool: eth-us-east1.nanopool.org:9433 | IP: 142.44.242.100 | ping: 193 ms.
2021-Oct-16 00:53:06: Connection was closed.
2021-Oct-16 00:53:06: Connecting to pools...
2021-Oct-16 00:53:08: Ethereum - Total speed: 24.529 MH/s, Total shares: 0 Rejected: 0, Time: 14:50
2021-Oct-16 00:53:08: GPU0 t=65°C fan 41% power 130.93W. Total power: 130.93W
2021-Oct-16 00:53:13: Connected to pool: eth-au1.nanopool.org:9433 | IP: 139.99.156.30 | ping: 198 ms.
2021-Oct-16 00:53:13: Connection was closed.
2021-Oct-16 00:53:13: Connecting to pools...
2021-Oct-16 00:53:21: Connected to pool: eth-eu1.nanopool.org:9433 | IP: 213.32.74.230 | ping: 271 ms.
2021-Oct-16 00:53:21: Connection was closed.
2021-Oct-16 00:53:21: Connecting to pools...
2021-Oct-16 00:53:28: Connected to pool: eth-eu2.nanopool.org:9433 | IP: 51.15.55.162 | ping: 276 ms.
2021-Oct-16 00:53:28: Connection was closed.
2021-Oct-16 00:53:28: Connecting to pools...
2021-Oct-16 00:53:35: Connected to pool: eth-jp1.nanopool.org:9433 | IP: 139.162.81.90 | ping: 37 ms.
2021-Oct-16 00:53:35: Connection was closed.
2021-Oct-16 00:53:35: Connecting to pools...
2021-Oct-16 00:53:39: Ethereum - Total speed: 24.529 MH/s, Total shares: 0 Rejected: 0, Time: 15:21
2021-Oct-16 00:53:39: Ethereum last 10 min - Total: 24.578 MH/s.
2021-Oct-16 00:53:41: Connected to pool: eth-asia1.nanopool.org:9433 | IP: 139.99.101.198 | ping: 65 ms.
2021-Oct-16 00:53:41: Connection was closed.
2021-Oct-16 00:53:41: Connecting to pools...
2021-Oct-16 00:53:47: Connected to pool: eth-us-west1.nanopool.org:9433 | IP: 207.246.100.198 | ping: 138 ms.
2021-Oct-16 00:53:47: Connection was closed.
2021-Oct-16 00:53:47: Connecting to pools...
2021-Oct-16 00:53:54: Connected to pool: eth-us-east1.nanopool.org:9433 | IP: 192.99.69.170 | ping: 193 ms.
2021-Oct-16 00:53:54: Connection was closed.
2021-Oct-16 00:53:54: Connecting to pools...
2021-Oct-16 00:54:00: Connected to pool: eth-au1.nanopool.org:9433 | IP: 139.99.156.30 | ping: 198 ms.
2021-Oct-16 00:54:00: Connection was closed.
2021-Oct-16 00:54:00: Connecting to pools...
2021-Oct-16 00:54:07: Connected to pool: eth-eu1.nanopool.org:9433 | IP: 151.80.59.84 | ping: 271 ms.
2021-Oct-16 00:54:07: Connection was closed.
2021-Oct-16 00:54:07: Connecting to pools...
2021-Oct-16 00:54:10: Ethereum - Total speed: 24.529 MH/s, Total shares: 0 Rejected: 0, Time: 15:52
2021-Oct-16 00:54:10: GPU0 t=72°C fan 46% power 132.45W. Total power: 132.45W
2021-Oct-16 00:54:14: Connected to pool: eth-eu2.nanopool.org:9433 | IP: 51.15.55.162 | ping: 276 ms.
2021-Oct-16 00:54:15: Connection was closed.
2021-Oct-16 00:54:15: Connecting to pools...
2021-Oct-16 00:54:21: Connected to pool: eth-jp1.nanopool.org:9433 | IP: 172.105.211.250 | ping: 37 ms.
2021-Oct-16 00:54:21: Connection was closed.
2021-Oct-16 00:54:21: Connecting to pools...
2021-Oct-16 00:54:27: Connected to pool: eth-asia1.nanopool.org:9433 | IP: 103.3.62.64 | ping: 65 ms.
2021-Oct-16 00:54:27: Connection was closed.
2021-Oct-16 00:54:27: Connecting to pools...
2021-Oct-16 00:54:34: Connected to pool: eth-us-west1.nanopool.org:9433 | IP: 45.76.65.223 | ping: 138 ms.
2021-Oct-16 00:54:34: Connection was closed.
2021-Oct-16 00:54:34: Connecting to pools...
2021-Oct-16 00:54:40: Connected to pool: eth-us-east1.nanopool.org:9433 | IP: 142.44.242.100 | ping: 193 ms.
2021-Oct-16 00:54:40: Connection was closed.
2021-Oct-16 00:54:40: Connecting to pools...
2021-Oct-16 00:54:41: Ethereum - Total speed: 24.529 MH/s, Total shares: 0 Rejected: 0, Time: 16:23
2021-Oct-16 00:54:47: Connected to pool: eth-au1.nanopool.org:9433 | IP: 139.99.156.30 | ping: 198 ms.
2021-Oct-16 00:54:47: Connection was closed.
2021-Oct-16 00:54:47: Connecting to pools...
2021-Oct-16 00:54:56: Connected to pool: eth-eu1.nanopool.org:9433 | IP: 213.32.74.219 | ping: 271 ms.
2021-Oct-16 00:54:56: Connection was closed.
2021-Oct-16 00:54:56: Connecting to pools...
2021-Oct-16 00:55:02: Connected to pool: eth-eu2.nanopool.org:9433 | IP: 213.32.74.157 | ping: 276 ms.
2021-Oct-16 00:55:03: Connection was closed.
2021-Oct-16 00:55:03: Connecting to pools...
2021-Oct-16 00:55:09: Connected to pool: eth-jp1.nanopool.org:9433 | IP: 172.105.211.250 | ping: 37 ms.
2021-Oct-16 00:55:09: Connection was closed.
2021-Oct-16 00:55:09: Connecting to pools...
2021-Oct-16 00:55:12: Ethereum - Total speed: 24.529 MH/s, Total shares: 0 Rejected: 0, Time: 16:54
2021-Oct-16 00:55:12: GPU0 t=75°C fan 49% power 134.83W. Total power: 134.83W
2021-Oct-16 00:55:15: Connected to pool: eth-asia1.nanopool.org:9433 | IP: 139.99.102.74 | ping: 65 ms.
2021-Oct-16 00:55:15: Connection was closed.
2021-Oct-16 00:55:15: Connecting to pools...
2021-Oct-16 00:55:21: Connected to pool: eth-us-west1.nanopool.org:9433 | IP: 104.238.180.207 | ping: 138 ms.
2021-Oct-16 00:55:21: Connection was closed.
2021-Oct-16 00:55:21: Connecting to pools...
2021-Oct-16 00:55:29: Connected to pool: eth-us-east1.nanopool.org:9433 | IP: 142.44.243.6 | ping: 193 ms.
2021-Oct-16 00:55:29: Connection was closed.
2021-Oct-16 00:55:29: Connecting to pools...
2021-Oct-16 00:55:35: Connected to pool: eth-au1.nanopool.org:9433 | IP: 139.99.156.30 | ping: 198 ms.
2021-Oct-16 00:55:36: Connection was closed.
2021-Oct-16 00:55:36: Connecting to pools...
2021-Oct-16 00:55:42: Connected to pool: eth-eu1.nanopool.org:9433 | IP: 213.32.74.230 | ping: 271 ms.
2021-Oct-16 00:55:42: Connection was closed.
2021-Oct-16 00:55:42: Connecting to pools...
2021-Oct-16 00:55:43: Ethereum - Total speed: 24.529 MH/s, Total shares: 0 Rejected: 0, Time: 17:25
2021-Oct-16 00:55:43: Ethereum last 10 min - Total: 24.552 MH/s.
2021-Oct-16 00:55:49: Connected to pool: eth-eu2.nanopool.org:9433 | IP: 151.80.144.188 | ping: 276 ms.
2021-Oct-16 00:55:49: Connection was closed.
2021-Oct-16 00:55:49: Connecting to pools...
2021-Oct-16 00:55:55: Connected to pool: eth-jp1.nanopool.org:9433 | IP: 172.105.211.250 | ping: 37 ms.
2021-Oct-16 00:55:55: Connection was closed.
2021-Oct-16 00:55:55: Connecting to pools...
2021-Oct-16 00:56:02: Connected to pool: eth-asia1.nanopool.org:9433 | IP: 139.99.102.70 | ping: 65 ms.
2021-Oct-16 00:56:02: Connection was closed.
2021-Oct-16 00:56:02: Connecting to pools...
2021-Oct-16 00:56:08: Connected to pool: eth-us-west1.nanopool.org:9433 | IP: 66.42.105.146 | ping: 138 ms.
2021-Oct-16 00:56:08: Connection was closed.
2021-Oct-16 00:56:08: Connecting to pools...
2021-Oct-16 00:56:14: Ethereum - Total speed: 24.529 MH/s, Total shares: 0 Rejected: 0, Time: 17:56
2021-Oct-16 00:56:14: GPU0 t=77°C fan 50% power 131.95W. Total power: 131.95W
2021-Oct-16 00:56:14: Connected to pool: eth-us-east1.nanopool.org:9433 | IP: 142.44.243.6 | ping: 193 ms.
2021-Oct-16 00:56:15: Connection was closed.
2021-Oct-16 00:56:15: Connecting to pools...
2021-Oct-16 00:56:21: Connected to pool: eth-au1.nanopool.org:9433 | IP: 139.99.156.30 | ping: 198 ms.
2021-Oct-16 00:56:21: Connection was closed.
2021-Oct-16 00:56:21: Connecting to pools...
2021-Oct-16 00:56:29: Connected to pool: eth-eu1.nanopool.org:9433 | IP: 51.15.89.69 | ping: 271 ms.
2021-Oct-16 00:56:29: Connection was closed.
2021-Oct-16 00:56:29: Connecting to pools...
2021-Oct-16 00:56:36: Connected to pool: eth-eu2.nanopool.org:9433 | IP: 51.255.34.80 | ping: 276 ms.
2021-Oct-16 00:56:36: Connection was closed.
2021-Oct-16 00:56:36: Connecting to pools...
2021-Oct-16 00:56:38: There were no new jobs in the past four minutes. Stopping mining.
